2025-06-29 11:22:02,439 - INFO - Internal ID: '/home/vedant/Desktop/glimpsify/most_info_frame_extractor/video2pdf/archives/data_archive_50_python_objects_all_dirs_phash_approval_strategy_v3/ulgywi_fbr_rld'
2025-06-29 11:22:02,440 - INFO - Video path: '/home/vedant/Desktop/glimpsify/most_info_frame_extractor/video2pdf/data/ulgywi/Prosthodontics | Mechanical Properties | INBDE, ADAT.mp4'
2025-06-29 11:22:02,440 - INFO - Internal ID for video /home/vedant/Desktop/glimpsify/most_info_frame_extractor/video2pdf/data/ulgywi/Prosthodontics | Mechanical Properties | INBDE, ADAT.mp4: '/home/vedant/Desktop/glimpsify/most_info_frame_extractor/video2pdf/archives/data_archive_50_python_objects_all_dirs_phash_approval_strategy_v3/ulgywi_fbr_rld'
2025-06-29 11:22:02,440 - INFO - Saving internal_id to video_id mapping
2025-06-29 11:22:02,659 - INFO - Getting frames...
2025-06-29 11:22:05,897 - INFO - Internal ID: '/home/vedant/Desktop/glimpsify/most_info_frame_extractor/video2pdf/archives/data_archive_50_python_objects_all_dirs_phash_approval_strategy_v3/tabwoi_utc_ukj'
2025-06-29 11:22:05,907 - INFO - Video path: '/home/vedant/Desktop/glimpsify/most_info_frame_extractor/video2pdf/data/tabwoi/Histology- Taste Buds and Lingual Papillae.mp4'
2025-06-29 11:22:05,907 - INFO - Internal ID for video /home/vedant/Desktop/glimpsify/most_info_frame_extractor/video2pdf/data/tabwoi/Histology- Taste Buds and Lingual Papillae.mp4: '/home/vedant/Desktop/glimpsify/most_info_frame_extractor/video2pdf/archives/data_archive_50_python_objects_all_dirs_phash_approval_strategy_v3/tabwoi_utc_ukj'
2025-06-29 11:22:05,907 - INFO - Saving internal_id to video_id mapping
2025-06-29 11:22:05,973 - INFO - Getting frames...
2025-06-29 11:22:08,817 - INFO - Internal ID: '/home/vedant/Desktop/glimpsify/most_info_frame_extractor/video2pdf/archives/data_archive_50_python_objects_all_dirs_phash_approval_strategy_v3/srmqde_fys_qpx'
2025-06-29 11:22:08,817 - INFO - Video path: '/home/vedant/Desktop/glimpsify/most_info_frame_extractor/video2pdf/data/srmqde/Evidence-Based Dentistry Part 2.mp4'
2025-06-29 11:22:08,817 - INFO - Internal ID for video /home/vedant/Desktop/glimpsify/most_info_frame_extractor/video2pdf/data/srmqde/Evidence-Based Dentistry Part 2.mp4: '/home/vedant/Desktop/glimpsify/most_info_frame_extractor/video2pdf/archives/data_archive_50_python_objects_all_dirs_phash_approval_strategy_v3/srmqde_fys_qpx'
2025-06-29 11:22:08,817 - INFO - Saving internal_id to video_id mapping
2025-06-29 11:22:08,872 - INFO - Getting frames...
2025-06-29 11:22:11,792 - INFO - Internal ID: '/home/vedant/Desktop/glimpsify/most_info_frame_extractor/video2pdf/archives/data_archive_50_python_objects_all_dirs_phash_approval_strategy_v3/hkyigj_dyo_fbq'
2025-06-29 11:22:11,794 - INFO - Video path: '/home/vedant/Desktop/glimpsify/most_info_frame_extractor/video2pdf/data/hkyigj/Endodontics | Procedural Complications | INBDE, ADAT.mp4'
2025-06-29 11:22:11,794 - INFO - Internal ID for video /home/vedant/Desktop/glimpsify/most_info_frame_extractor/video2pdf/data/hkyigj/Endodontics | Procedural Complications | INBDE, ADAT.mp4: '/home/vedant/Desktop/glimpsify/most_info_frame_extractor/video2pdf/archives/data_archive_50_python_objects_all_dirs_phash_approval_strategy_v3/hkyigj_dyo_fbq'
2025-06-29 11:22:11,794 - INFO - Saving internal_id to video_id mapping
2025-06-29 11:22:11,853 - INFO - Getting frames...
2025-06-29 11:22:15,152 - INFO - Internal ID: '/home/vedant/Desktop/glimpsify/most_info_frame_extractor/video2pdf/archives/data_archive_50_python_objects_all_dirs_phash_approval_strategy_v3/yysaqx_fmp_vmg'
2025-06-29 11:22:15,153 - INFO - Video path: '/home/vedant/Desktop/glimpsify/most_info_frame_extractor/video2pdf/data/yysaqx/Oral Surgery | PRACTICE QUESTIONS | INBDE, ADAT.mp4'
2025-06-29 11:22:15,153 - INFO - Internal ID for video /home/vedant/Desktop/glimpsify/most_info_frame_extractor/video2pdf/data/yysaqx/Oral Surgery | PRACTICE QUESTIONS | INBDE, ADAT.mp4: '/home/vedant/Desktop/glimpsify/most_info_frame_extractor/video2pdf/archives/data_archive_50_python_objects_all_dirs_phash_approval_strategy_v3/yysaqx_fmp_vmg'
2025-06-29 11:22:15,153 - INFO - Saving internal_id to video_id mapping
2025-06-29 11:22:15,212 - INFO - Getting frames...
2025-06-29 11:22:42,655 - INFO - Internal ID: '/home/vedant/Desktop/glimpsify/most_info_frame_extractor/video2pdf/archives/data_archive_50_python_objects_all_dirs_phash_approval_strategy_v3/ulgywi_fbr_cht'
2025-06-29 11:22:42,655 - INFO - Video path: '/home/vedant/Desktop/glimpsify/most_info_frame_extractor/video2pdf/data/ulgywi/Prosthodontics | Mechanical Properties | INBDE, ADAT.mp4'
2025-06-29 11:22:42,655 - INFO - Internal ID for video /home/vedant/Desktop/glimpsify/most_info_frame_extractor/video2pdf/data/ulgywi/Prosthodontics | Mechanical Properties | INBDE, ADAT.mp4: '/home/vedant/Desktop/glimpsify/most_info_frame_extractor/video2pdf/archives/data_archive_50_python_objects_all_dirs_phash_approval_strategy_v3/ulgywi_fbr_cht'
2025-06-29 11:22:42,655 - INFO - Saving internal_id to video_id mapping
2025-06-29 11:22:42,715 - INFO - Getting frames...
2025-06-29 11:22:42,716 - INFO - Number of frames: 308
2025-06-29 11:22:42,716 - INFO - Extracting frames...
2025-06-29 11:22:42,716 - INFO - Number of extracted frames: 8
2025-06-29 11:22:42,716 - INFO - Saving extracted frames...
2025-06-29 11:22:43,601 - INFO - Extracted frames directory: '/home/vedant/Desktop/glimpsify/most_info_frame_extractor/video2pdf/archives/data_archive_50_python_objects_all_dirs_phash_approval_strategy_v3/ulgywi_fbr_cht_extracted_frames'
2025-06-29 11:22:43,602 - INFO - Post processing...
2025-06-29 11:22:43,602 - INFO - Post processing done successfully
2025-06-29 11:22:43,602 - INFO - Creating PDF...
2025-06-29 11:22:43,657 - INFO - PDF path: '/home/vedant/Desktop/glimpsify/most_info_frame_extractor/video2pdf/archives/data_archive_50_python_objects_all_dirs_phash_approval_strategy_v3/ulgywi_fbr_cht.pdf'
2025-06-29 11:22:43,657 - INFO - PDF for video '/home/vedant/Desktop/glimpsify/most_info_frame_extractor/video2pdf/data/ulgywi/Prosthodontics | Mechanical Properties | INBDE, ADAT.mp4': '/home/vedant/Desktop/glimpsify/most_info_frame_extractor/video2pdf/archives/data_archive_50_python_objects_all_dirs_phash_approval_strategy_v3/ulgywi_fbr_cht.pdf'
2025-06-29 11:22:43,657 - INFO - Saved PDF to '/home/vedant/Desktop/glimpsify/most_info_frame_extractor/video2pdf/archives/data_archive_50_python_objects_all_dirs_phash_approval_strategy_v3/ulgywi_fbr_cht.pdf' for video 'Prosthodontics | Mechanical Properties | INBDE, ADAT.mp4'
2025-06-29 11:22:46,635 - INFO - Internal ID: '/home/vedant/Desktop/glimpsify/most_info_frame_extractor/video2pdf/archives/data_archive_50_python_objects_all_dirs_phash_approval_strategy_v3/tabwoi_utc_pal'
2025-06-29 11:22:46,635 - INFO - Video path: '/home/vedant/Desktop/glimpsify/most_info_frame_extractor/video2pdf/data/tabwoi/Histology- Taste Buds and Lingual Papillae.mp4'
2025-06-29 11:22:46,635 - INFO - Internal ID for video /home/vedant/Desktop/glimpsify/most_info_frame_extractor/video2pdf/data/tabwoi/Histology- Taste Buds and Lingual Papillae.mp4: '/home/vedant/Desktop/glimpsify/most_info_frame_extractor/video2pdf/archives/data_archive_50_python_objects_all_dirs_phash_approval_strategy_v3/tabwoi_utc_pal'
2025-06-29 11:22:46,635 - INFO - Saving internal_id to video_id mapping
2025-06-29 11:22:46,707 - INFO - Getting frames...
2025-06-29 11:22:46,707 - INFO - Number of frames: 246
2025-06-29 11:22:46,707 - INFO - Extracting frames...
2025-06-29 11:22:46,707 - INFO - Number of extracted frames: 6
2025-06-29 11:22:46,707 - INFO - Saving extracted frames...
2025-06-29 11:22:46,801 - INFO - Extracted frames directory: '/home/vedant/Desktop/glimpsify/most_info_frame_extractor/video2pdf/archives/data_archive_50_python_objects_all_dirs_phash_approval_strategy_v3/tabwoi_utc_pal_extracted_frames'
2025-06-29 11:22:46,801 - INFO - Post processing...
2025-06-29 11:22:46,801 - INFO - Post processing done successfully
2025-06-29 11:22:46,801 - INFO - Creating PDF...
2025-06-29 11:22:46,840 - INFO - PDF path: '/home/vedant/Desktop/glimpsify/most_info_frame_extractor/video2pdf/archives/data_archive_50_python_objects_all_dirs_phash_approval_strategy_v3/tabwoi_utc_pal.pdf'
2025-06-29 11:22:46,840 - INFO - PDF for video '/home/vedant/Desktop/glimpsify/most_info_frame_extractor/video2pdf/data/tabwoi/Histology- Taste Buds and Lingual Papillae.mp4': '/home/vedant/Desktop/glimpsify/most_info_frame_extractor/video2pdf/archives/data_archive_50_python_objects_all_dirs_phash_approval_strategy_v3/tabwoi_utc_pal.pdf'
2025-06-29 11:22:46,840 - INFO - Saved PDF to '/home/vedant/Desktop/glimpsify/most_info_frame_extractor/video2pdf/archives/data_archive_50_python_objects_all_dirs_phash_approval_strategy_v3/tabwoi_utc_pal.pdf' for video 'Histology- Taste Buds and Lingual Papillae.mp4'
2025-06-29 11:22:49,828 - INFO - Internal ID: '/home/vedant/Desktop/glimpsify/most_info_frame_extractor/video2pdf/archives/data_archive_50_python_objects_all_dirs_phash_approval_strategy_v3/srmqde_fys_xjc'
2025-06-29 11:22:49,829 - INFO - Video path: '/home/vedant/Desktop/glimpsify/most_info_frame_extractor/video2pdf/data/srmqde/Evidence-Based Dentistry Part 2.mp4'
2025-06-29 11:22:49,829 - INFO - Internal ID for video /home/vedant/Desktop/glimpsify/most_info_frame_extractor/video2pdf/data/srmqde/Evidence-Based Dentistry Part 2.mp4: '/home/vedant/Desktop/glimpsify/most_info_frame_extractor/video2pdf/archives/data_archive_50_python_objects_all_dirs_phash_approval_strategy_v3/srmqde_fys_xjc'
2025-06-29 11:22:49,829 - INFO - Saving internal_id to video_id mapping
2025-06-29 11:22:49,896 - INFO - Getting frames...
2025-06-29 11:22:49,897 - INFO - Number of frames: 220
2025-06-29 11:22:49,897 - INFO - Extracting frames...
2025-06-29 11:22:49,897 - INFO - Number of extracted frames: 6
2025-06-29 11:22:49,897 - INFO - Saving extracted frames...
2025-06-29 11:22:49,969 - INFO - Extracted frames directory: '/home/vedant/Desktop/glimpsify/most_info_frame_extractor/video2pdf/archives/data_archive_50_python_objects_all_dirs_phash_approval_strategy_v3/srmqde_fys_xjc_extracted_frames'
2025-06-29 11:22:49,969 - INFO - Post processing...
2025-06-29 11:22:49,969 - INFO - Post processing done successfully
2025-06-29 11:22:49,969 - INFO - Creating PDF...
2025-06-29 11:22:50,008 - INFO - PDF path: '/home/vedant/Desktop/glimpsify/most_info_frame_extractor/video2pdf/archives/data_archive_50_python_objects_all_dirs_phash_approval_strategy_v3/srmqde_fys_xjc.pdf'
2025-06-29 11:22:50,008 - INFO - PDF for video '/home/vedant/Desktop/glimpsify/most_info_frame_extractor/video2pdf/data/srmqde/Evidence-Based Dentistry Part 2.mp4': '/home/vedant/Desktop/glimpsify/most_info_frame_extractor/video2pdf/archives/data_archive_50_python_objects_all_dirs_phash_approval_strategy_v3/srmqde_fys_xjc.pdf'
2025-06-29 11:22:50,008 - INFO - Saved PDF to '/home/vedant/Desktop/glimpsify/most_info_frame_extractor/video2pdf/archives/data_archive_50_python_objects_all_dirs_phash_approval_strategy_v3/srmqde_fys_xjc.pdf' for video 'Evidence-Based Dentistry Part 2.mp4'
2025-06-29 11:22:52,969 - INFO - Internal ID: '/home/vedant/Desktop/glimpsify/most_info_frame_extractor/video2pdf/archives/data_archive_50_python_objects_all_dirs_phash_approval_strategy_v3/hkyigj_dyo_iqd'
2025-06-29 11:22:52,969 - INFO - Video path: '/home/vedant/Desktop/glimpsify/most_info_frame_extractor/video2pdf/data/hkyigj/Endodontics | Procedural Complications | INBDE, ADAT.mp4'
2025-06-29 11:22:52,969 - INFO - Internal ID for video /home/vedant/Desktop/glimpsify/most_info_frame_extractor/video2pdf/data/hkyigj/Endodontics | Procedural Complications | INBDE, ADAT.mp4: '/home/vedant/Desktop/glimpsify/most_info_frame_extractor/video2pdf/archives/data_archive_50_python_objects_all_dirs_phash_approval_strategy_v3/hkyigj_dyo_iqd'
2025-06-29 11:22:52,969 - INFO - Saving internal_id to video_id mapping
2025-06-29 11:22:53,036 - INFO - Getting frames...
2025-06-29 11:22:53,036 - INFO - Number of frames: 244
2025-06-29 11:22:53,036 - INFO - Extracting frames...
2025-06-29 11:22:53,036 - INFO - Number of extracted frames: 4
2025-06-29 11:22:53,036 - INFO - Saving extracted frames...
2025-06-29 11:22:53,116 - INFO - Extracted frames directory: '/home/vedant/Desktop/glimpsify/most_info_frame_extractor/video2pdf/archives/data_archive_50_python_objects_all_dirs_phash_approval_strategy_v3/hkyigj_dyo_iqd_extracted_frames'
2025-06-29 11:22:53,116 - INFO - Post processing...
2025-06-29 11:22:53,116 - INFO - Post processing done successfully
2025-06-29 11:22:53,116 - INFO - Creating PDF...
2025-06-29 11:22:53,147 - INFO - PDF path: '/home/vedant/Desktop/glimpsify/most_info_frame_extractor/video2pdf/archives/data_archive_50_python_objects_all_dirs_phash_approval_strategy_v3/hkyigj_dyo_iqd.pdf'
2025-06-29 11:22:53,147 - INFO - PDF for video '/home/vedant/Desktop/glimpsify/most_info_frame_extractor/video2pdf/data/hkyigj/Endodontics | Procedural Complications | INBDE, ADAT.mp4': '/home/vedant/Desktop/glimpsify/most_info_frame_extractor/video2pdf/archives/data_archive_50_python_objects_all_dirs_phash_approval_strategy_v3/hkyigj_dyo_iqd.pdf'
2025-06-29 11:22:53,147 - INFO - Saved PDF to '/home/vedant/Desktop/glimpsify/most_info_frame_extractor/video2pdf/archives/data_archive_50_python_objects_all_dirs_phash_approval_strategy_v3/hkyigj_dyo_iqd.pdf' for video 'Endodontics | Procedural Complications | INBDE, ADAT.mp4'
2025-06-29 11:22:56,233 - INFO - Internal ID: '/home/vedant/Desktop/glimpsify/most_info_frame_extractor/video2pdf/archives/data_archive_50_python_objects_all_dirs_phash_approval_strategy_v3/yysaqx_fmp_xvm'
2025-06-29 11:22:56,234 - INFO - Video path: '/home/vedant/Desktop/glimpsify/most_info_frame_extractor/video2pdf/data/yysaqx/Oral Surgery | PRACTICE QUESTIONS | INBDE, ADAT.mp4'
2025-06-29 11:22:56,234 - INFO - Internal ID for video /home/vedant/Desktop/glimpsify/most_info_frame_extractor/video2pdf/data/yysaqx/Oral Surgery | PRACTICE QUESTIONS | INBDE, ADAT.mp4: '/home/vedant/Desktop/glimpsify/most_info_frame_extractor/video2pdf/archives/data_archive_50_python_objects_all_dirs_phash_approval_strategy_v3/yysaqx_fmp_xvm'
2025-06-29 11:22:56,234 - INFO - Saving internal_id to video_id mapping
2025-06-29 11:22:56,312 - INFO - Getting frames...
2025-06-29 11:22:56,312 - INFO - Number of frames: 590
2025-06-29 11:22:56,312 - INFO - Extracting frames...
2025-06-29 11:22:56,313 - INFO - Number of extracted frames: 14
2025-06-29 11:22:56,313 - INFO - Saving extracted frames...
2025-06-29 11:22:56,486 - INFO - Extracted frames directory: '/home/vedant/Desktop/glimpsify/most_info_frame_extractor/video2pdf/archives/data_archive_50_python_objects_all_dirs_phash_approval_strategy_v3/yysaqx_fmp_xvm_extracted_frames'
2025-06-29 11:22:56,486 - INFO - Post processing...
2025-06-29 11:22:56,487 - INFO - Post processing done successfully
2025-06-29 11:22:56,487 - INFO - Creating PDF...
2025-06-29 11:22:56,556 - INFO - PDF path: '/home/vedant/Desktop/glimpsify/most_info_frame_extractor/video2pdf/archives/data_archive_50_python_objects_all_dirs_phash_approval_strategy_v3/yysaqx_fmp_xvm.pdf'
2025-06-29 11:22:56,556 - INFO - PDF for video '/home/vedant/Desktop/glimpsify/most_info_frame_extractor/video2pdf/data/yysaqx/Oral Surgery | PRACTICE QUESTIONS | INBDE, ADAT.mp4': '/home/vedant/Desktop/glimpsify/most_info_frame_extractor/video2pdf/archives/data_archive_50_python_objects_all_dirs_phash_approval_strategy_v3/yysaqx_fmp_xvm.pdf'
2025-06-29 11:22:56,556 - INFO - Saved PDF to '/home/vedant/Desktop/glimpsify/most_info_frame_extractor/video2pdf/archives/data_archive_50_python_objects_all_dirs_phash_approval_strategy_v3/yysaqx_fmp_xvm.pdf' for video 'Oral Surgery | PRACTICE QUESTIONS | INBDE, ADAT.mp4'
2025-06-29 11:28:16,754 - INFO - Internal ID: '/home/vedant/Desktop/glimpsify/most_info_frame_extractor/video2pdf/archives/data_archive_50_python_objects_all_dirs_phash_approval_strategy_v3/jrixdt_xgr_wfo'
2025-06-29 11:28:16,764 - INFO - Video path: '/home/vedant/Desktop/glimpsify/most_info_frame_extractor/video2pdf/data/jrixdt/Lecture 1.2: Datasets (Multimodal Machine Learning, Carnegie Mellon University).mp4'
2025-06-29 11:28:16,764 - INFO - Internal ID for video /home/vedant/Desktop/glimpsify/most_info_frame_extractor/video2pdf/data/jrixdt/Lecture 1.2: Datasets (Multimodal Machine Learning, Carnegie Mellon University).mp4: '/home/vedant/Desktop/glimpsify/most_info_frame_extractor/video2pdf/archives/data_archive_50_python_objects_all_dirs_phash_approval_strategy_v3/jrixdt_xgr_wfo'
2025-06-29 11:28:16,764 - INFO - Saving internal_id to video_id mapping
2025-06-29 11:28:16,826 - INFO - Getting frames...
2025-06-29 11:28:16,827 - INFO - Number of frames: 1629
2025-06-29 11:28:16,827 - INFO - Extracting frames...
2025-06-29 11:28:16,827 - INFO - Number of extracted frames: 30
2025-06-29 11:28:16,827 - INFO - Saving extracted frames...
2025-06-29 11:28:17,200 - INFO - Extracted frames directory: '/home/vedant/Desktop/glimpsify/most_info_frame_extractor/video2pdf/archives/data_archive_50_python_objects_all_dirs_phash_approval_strategy_v3/jrixdt_xgr_wfo_extracted_frames'
2025-06-29 11:28:17,200 - INFO - Post processing...
2025-06-29 11:28:17,200 - INFO - Post processing done successfully
2025-06-29 11:28:17,200 - INFO - Creating PDF...
2025-06-29 11:28:17,358 - INFO - PDF path: '/home/vedant/Desktop/glimpsify/most_info_frame_extractor/video2pdf/archives/data_archive_50_python_objects_all_dirs_phash_approval_strategy_v3/jrixdt_xgr_wfo.pdf'
2025-06-29 11:28:17,358 - INFO - PDF for video '/home/vedant/Desktop/glimpsify/most_info_frame_extractor/video2pdf/data/jrixdt/Lecture 1.2: Datasets (Multimodal Machine Learning, Carnegie Mellon University).mp4': '/home/vedant/Desktop/glimpsify/most_info_frame_extractor/video2pdf/archives/data_archive_50_python_objects_all_dirs_phash_approval_strategy_v3/jrixdt_xgr_wfo.pdf'
2025-06-29 11:28:17,358 - INFO - Saved PDF to '/home/vedant/Desktop/glimpsify/most_info_frame_extractor/video2pdf/archives/data_archive_50_python_objects_all_dirs_phash_approval_strategy_v3/jrixdt_xgr_wfo.pdf' for video 'Lecture 1.2: Datasets (Multimodal Machine Learning, Carnegie Mellon University).mp4'
2025-06-29 11:28:20,350 - INFO - Internal ID: '/home/vedant/Desktop/glimpsify/most_info_frame_extractor/video2pdf/archives/data_archive_50_python_objects_all_dirs_phash_approval_strategy_v3/jgywnx_rfq_cjn'
2025-06-29 11:28:20,351 - INFO - Video path: '/home/vedant/Desktop/glimpsify/most_info_frame_extractor/video2pdf/data/jgywnx/CurrentTopicsLecture8Ch8.mp4'
2025-06-29 11:28:20,351 - INFO - Internal ID for video /home/vedant/Desktop/glimpsify/most_info_frame_extractor/video2pdf/data/jgywnx/CurrentTopicsLecture8Ch8.mp4: '/home/vedant/Desktop/glimpsify/most_info_frame_extractor/video2pdf/archives/data_archive_50_python_objects_all_dirs_phash_approval_strategy_v3/jgywnx_rfq_cjn'
2025-06-29 11:28:20,351 - INFO - Saving internal_id to video_id mapping
2025-06-29 11:28:20,405 - INFO - Getting frames...
2025-06-29 11:28:20,406 - INFO - Number of frames: 1464
2025-06-29 11:28:20,406 - INFO - Extracting frames...
2025-06-29 11:28:20,406 - INFO - Number of extracted frames: 34
2025-06-29 11:28:20,406 - INFO - Saving extracted frames...
2025-06-29 11:28:20,794 - INFO - Extracted frames directory: '/home/vedant/Desktop/glimpsify/most_info_frame_extractor/video2pdf/archives/data_archive_50_python_objects_all_dirs_phash_approval_strategy_v3/jgywnx_rfq_cjn_extracted_frames'
2025-06-29 11:28:20,795 - INFO - Post processing...
2025-06-29 11:28:20,795 - INFO - Post processing done successfully
2025-06-29 11:28:20,795 - INFO - Creating PDF...
2025-06-29 11:28:20,959 - INFO - PDF path: '/home/vedant/Desktop/glimpsify/most_info_frame_extractor/video2pdf/archives/data_archive_50_python_objects_all_dirs_phash_approval_strategy_v3/jgywnx_rfq_cjn.pdf'
2025-06-29 11:28:20,959 - INFO - PDF for video '/home/vedant/Desktop/glimpsify/most_info_frame_extractor/video2pdf/data/jgywnx/CurrentTopicsLecture8Ch8.mp4': '/home/vedant/Desktop/glimpsify/most_info_frame_extractor/video2pdf/archives/data_archive_50_python_objects_all_dirs_phash_approval_strategy_v3/jgywnx_rfq_cjn.pdf'
2025-06-29 11:28:20,959 - INFO - Saved PDF to '/home/vedant/Desktop/glimpsify/most_info_frame_extractor/video2pdf/archives/data_archive_50_python_objects_all_dirs_phash_approval_strategy_v3/jgywnx_rfq_cjn.pdf' for video 'CurrentTopicsLecture8Ch8.mp4'
2025-06-29 11:28:23,829 - INFO - Internal ID: '/home/vedant/Desktop/glimpsify/most_info_frame_extractor/video2pdf/archives/data_archive_50_python_objects_all_dirs_phash_approval_strategy_v3/qhisdm_cmq_mwy'
2025-06-29 11:28:23,839 - INFO - Video path: '/home/vedant/Desktop/glimpsify/most_info_frame_extractor/video2pdf/data/qhisdm/Anatomy and Physiology Chapter 7 Part A Lecture: The Skelton.mp4'
2025-06-29 11:28:23,839 - INFO - Internal ID for video /home/vedant/Desktop/glimpsify/most_info_frame_extractor/video2pdf/data/qhisdm/Anatomy and Physiology Chapter 7 Part A Lecture: The Skelton.mp4: '/home/vedant/Desktop/glimpsify/most_info_frame_extractor/video2pdf/archives/data_archive_50_python_objects_all_dirs_phash_approval_strategy_v3/qhisdm_cmq_mwy'
2025-06-29 11:28:23,839 - INFO - Saving internal_id to video_id mapping
2025-06-29 11:28:23,894 - INFO - Getting frames...
2025-06-29 11:28:23,895 - INFO - Number of frames: 1483
2025-06-29 11:28:23,895 - INFO - Extracting frames...
2025-06-29 11:28:23,895 - INFO - Number of extracted frames: 35
2025-06-29 11:28:23,895 - INFO - Saving extracted frames...
2025-06-29 11:28:24,313 - INFO - Extracted frames directory: '/home/vedant/Desktop/glimpsify/most_info_frame_extractor/video2pdf/archives/data_archive_50_python_objects_all_dirs_phash_approval_strategy_v3/qhisdm_cmq_mwy_extracted_frames'
2025-06-29 11:28:24,313 - INFO - Post processing...
2025-06-29 11:28:24,313 - INFO - Post processing done successfully
2025-06-29 11:28:24,313 - INFO - Creating PDF...
2025-06-29 11:28:24,483 - INFO - PDF path: '/home/vedant/Desktop/glimpsify/most_info_frame_extractor/video2pdf/archives/data_archive_50_python_objects_all_dirs_phash_approval_strategy_v3/qhisdm_cmq_mwy.pdf'
2025-06-29 11:28:24,483 - INFO - PDF for video '/home/vedant/Desktop/glimpsify/most_info_frame_extractor/video2pdf/data/qhisdm/Anatomy and Physiology Chapter 7 Part A Lecture: The Skelton.mp4': '/home/vedant/Desktop/glimpsify/most_info_frame_extractor/video2pdf/archives/data_archive_50_python_objects_all_dirs_phash_approval_strategy_v3/qhisdm_cmq_mwy.pdf'
2025-06-29 11:28:24,483 - INFO - Saved PDF to '/home/vedant/Desktop/glimpsify/most_info_frame_extractor/video2pdf/archives/data_archive_50_python_objects_all_dirs_phash_approval_strategy_v3/qhisdm_cmq_mwy.pdf' for video 'Anatomy and Physiology Chapter 7 Part A Lecture: The Skelton.mp4'
2025-06-29 11:28:27,316 - INFO - Internal ID: '/home/vedant/Desktop/glimpsify/most_info_frame_extractor/video2pdf/archives/data_archive_50_python_objects_all_dirs_phash_approval_strategy_v3/mfewuh_qkh_zor'
2025-06-29 11:28:27,317 - INFO - Video path: '/home/vedant/Desktop/glimpsify/most_info_frame_extractor/video2pdf/data/mfewuh/Human Biology Lecture: Chapter 7- Cellular Basis of Inheritance (Meiosis).mp4'
2025-06-29 11:28:27,317 - INFO - Internal ID for video /home/vedant/Desktop/glimpsify/most_info_frame_extractor/video2pdf/data/mfewuh/Human Biology Lecture: Chapter 7- Cellular Basis of Inheritance (Meiosis).mp4: '/home/vedant/Desktop/glimpsify/most_info_frame_extractor/video2pdf/archives/data_archive_50_python_objects_all_dirs_phash_approval_strategy_v3/mfewuh_qkh_zor'
2025-06-29 11:28:27,317 - INFO - Saving internal_id to video_id mapping
2025-06-29 11:28:27,450 - INFO - Getting frames...
2025-06-29 11:28:27,451 - INFO - Number of frames: 633
2025-06-29 11:28:27,451 - INFO - Extracting frames...
2025-06-29 11:28:27,452 - INFO - Number of extracted frames: 19
2025-06-29 11:28:27,452 - INFO - Saving extracted frames...
2025-06-29 11:28:27,701 - INFO - Extracted frames directory: '/home/vedant/Desktop/glimpsify/most_info_frame_extractor/video2pdf/archives/data_archive_50_python_objects_all_dirs_phash_approval_strategy_v3/mfewuh_qkh_zor_extracted_frames'
2025-06-29 11:28:27,701 - INFO - Post processing...
2025-06-29 11:28:27,701 - INFO - Post processing done successfully
2025-06-29 11:28:27,701 - INFO - Creating PDF...
2025-06-29 11:28:27,813 - INFO - PDF path: '/home/vedant/Desktop/glimpsify/most_info_frame_extractor/video2pdf/archives/data_archive_50_python_objects_all_dirs_phash_approval_strategy_v3/mfewuh_qkh_zor.pdf'
2025-06-29 11:28:27,813 - INFO - PDF for video '/home/vedant/Desktop/glimpsify/most_info_frame_extractor/video2pdf/data/mfewuh/Human Biology Lecture: Chapter 7- Cellular Basis of Inheritance (Meiosis).mp4': '/home/vedant/Desktop/glimpsify/most_info_frame_extractor/video2pdf/archives/data_archive_50_python_objects_all_dirs_phash_approval_strategy_v3/mfewuh_qkh_zor.pdf'
2025-06-29 11:28:27,813 - INFO - Saved PDF to '/home/vedant/Desktop/glimpsify/most_info_frame_extractor/video2pdf/archives/data_archive_50_python_objects_all_dirs_phash_approval_strategy_v3/mfewuh_qkh_zor.pdf' for video 'Human Biology Lecture: Chapter 7- Cellular Basis of Inheritance (Meiosis).mp4'
2025-06-29 11:28:30,785 - INFO - Internal ID: '/home/vedant/Desktop/glimpsify/most_info_frame_extractor/video2pdf/archives/data_archive_50_python_objects_all_dirs_phash_approval_strategy_v3/etdnlx_saj_jub'
2025-06-29 11:28:30,785 - INFO - Video path: '/home/vedant/Desktop/glimpsify/most_info_frame_extractor/video2pdf/data/etdnlx/Chapter 39   Muscoloskeletal System.mp4'
2025-06-29 11:28:30,786 - INFO - Internal ID for video /home/vedant/Desktop/glimpsify/most_info_frame_extractor/video2pdf/data/etdnlx/Chapter 39   Muscoloskeletal System.mp4: '/home/vedant/Desktop/glimpsify/most_info_frame_extractor/video2pdf/archives/data_archive_50_python_objects_all_dirs_phash_approval_strategy_v3/etdnlx_saj_jub'
2025-06-29 11:28:30,786 - INFO - Saving internal_id to video_id mapping
2025-06-29 11:28:30,843 - INFO - Getting frames...
2025-06-29 11:28:30,844 - INFO - Number of frames: 1018
2025-06-29 11:28:30,844 - INFO - Extracting frames...
2025-06-29 11:28:30,844 - INFO - Number of extracted frames: 25
2025-06-29 11:28:30,844 - INFO - Saving extracted frames...
2025-06-29 11:28:31,208 - INFO - Extracted frames directory: '/home/vedant/Desktop/glimpsify/most_info_frame_extractor/video2pdf/archives/data_archive_50_python_objects_all_dirs_phash_approval_strategy_v3/etdnlx_saj_jub_extracted_frames'
2025-06-29 11:28:31,208 - INFO - Post processing...
2025-06-29 11:28:31,209 - INFO - Post processing done successfully
2025-06-29 11:28:31,209 - INFO - Creating PDF...
2025-06-29 11:28:31,375 - INFO - PDF path: '/home/vedant/Desktop/glimpsify/most_info_frame_extractor/video2pdf/archives/data_archive_50_python_objects_all_dirs_phash_approval_strategy_v3/etdnlx_saj_jub.pdf'
2025-06-29 11:28:31,376 - INFO - PDF for video '/home/vedant/Desktop/glimpsify/most_info_frame_extractor/video2pdf/data/etdnlx/Chapter 39   Muscoloskeletal System.mp4': '/home/vedant/Desktop/glimpsify/most_info_frame_extractor/video2pdf/archives/data_archive_50_python_objects_all_dirs_phash_approval_strategy_v3/etdnlx_saj_jub.pdf'
2025-06-29 11:28:31,376 - INFO - Saved PDF to '/home/vedant/Desktop/glimpsify/most_info_frame_extractor/video2pdf/archives/data_archive_50_python_objects_all_dirs_phash_approval_strategy_v3/etdnlx_saj_jub.pdf' for video 'Chapter 39   Muscoloskeletal System.mp4'
