2025-06-29 12:15:32,214 - INFO - Internal ID: '/home/vedant/Desktop/glimpsify/most_info_frame_extractor/video2pdf/archives/data_archive_50_python_objects_all_dirs_phash_approval_strategy_v3/tabwoi_utc_phg'
2025-06-29 12:15:32,214 - INFO - Video path: '/home/vedant/Desktop/glimpsify/most_info_frame_extractor/video2pdf/data/tabwoi/Histology- Taste Buds and Lingual Papillae.mp4'
2025-06-29 12:15:32,214 - INFO - Internal ID for video /home/vedant/Desktop/glimpsify/most_info_frame_extractor/video2pdf/data/tabwoi/Histology- Taste Buds and Lingual Papillae.mp4: '/home/vedant/Desktop/glimpsify/most_info_frame_extractor/video2pdf/archives/data_archive_50_python_objects_all_dirs_phash_approval_strategy_v3/tabwoi_utc_phg'
2025-06-29 12:15:32,214 - INFO - Saving internal_id to video_id mapping
2025-06-29 12:15:32,270 - INFO - Getting frames...
2025-06-29 12:15:32,271 - INFO - Number of frames: 246
2025-06-29 12:15:32,279 - INFO - Extracting frames...
2025-06-29 12:15:32,279 - INFO - Number of extracted frames: 11
2025-06-29 12:15:32,279 - INFO - Saving extracted frames...
2025-06-29 12:15:32,390 - INFO - Extracted frames directory: '/home/vedant/Desktop/glimpsify/most_info_frame_extractor/video2pdf/archives/data_archive_50_python_objects_all_dirs_phash_approval_strategy_v3/tabwoi_utc_phg_extracted_frames'
2025-06-29 12:15:32,390 - INFO - Post processing...
2025-06-29 12:15:32,390 - INFO - Post processing done successfully
2025-06-29 12:15:32,390 - INFO - Creating PDF...
2025-06-29 12:15:32,445 - INFO - PDF path: '/home/vedant/Desktop/glimpsify/most_info_frame_extractor/video2pdf/archives/data_archive_50_python_objects_all_dirs_phash_approval_strategy_v3/tabwoi_utc_phg.pdf'
2025-06-29 12:15:32,445 - INFO - PDF for video '/home/vedant/Desktop/glimpsify/most_info_frame_extractor/video2pdf/data/tabwoi/Histology- Taste Buds and Lingual Papillae.mp4': '/home/vedant/Desktop/glimpsify/most_info_frame_extractor/video2pdf/archives/data_archive_50_python_objects_all_dirs_phash_approval_strategy_v3/tabwoi_utc_phg.pdf'
2025-06-29 12:15:32,445 - INFO - Saved PDF to '/home/vedant/Desktop/glimpsify/most_info_frame_extractor/video2pdf/archives/data_archive_50_python_objects_all_dirs_phash_approval_strategy_v3/tabwoi_utc_phg.pdf' for video 'Histology- Taste Buds and Lingual Papillae.mp4'
2025-06-29 12:16:35,972 - INFO - Internal ID: '/home/vedant/Desktop/glimpsify/most_info_frame_extractor/video2pdf/archives/data_archive_50_python_objects_all_dirs_phash_approval_strategy_v3/ulgywi_fbr_hqq'
2025-06-29 12:16:35,972 - INFO - Video path: '/home/vedant/Desktop/glimpsify/most_info_frame_extractor/video2pdf/data/ulgywi/Prosthodontics | Mechanical Properties | INBDE, ADAT.mp4'
2025-06-29 12:16:35,972 - INFO - Internal ID for video /home/vedant/Desktop/glimpsify/most_info_frame_extractor/video2pdf/data/ulgywi/Prosthodontics | Mechanical Properties | INBDE, ADAT.mp4: '/home/vedant/Desktop/glimpsify/most_info_frame_extractor/video2pdf/archives/data_archive_50_python_objects_all_dirs_phash_approval_strategy_v3/ulgywi_fbr_hqq'
2025-06-29 12:16:35,972 - INFO - Saving internal_id to video_id mapping
2025-06-29 12:16:36,028 - INFO - Getting frames...
2025-06-29 12:16:36,028 - INFO - Number of frames: 308
2025-06-29 12:16:36,037 - INFO - Extracting frames...
2025-06-29 12:16:36,037 - INFO - Number of extracted frames: 11
2025-06-29 12:16:36,037 - INFO - Saving extracted frames...
2025-06-29 12:16:36,144 - INFO - Extracted frames directory: '/home/vedant/Desktop/glimpsify/most_info_frame_extractor/video2pdf/archives/data_archive_50_python_objects_all_dirs_phash_approval_strategy_v3/ulgywi_fbr_hqq_extracted_frames'
2025-06-29 12:16:36,144 - INFO - Post processing...
2025-06-29 12:16:36,144 - INFO - Post processing done successfully
2025-06-29 12:16:36,144 - INFO - Creating PDF...
2025-06-29 12:16:36,199 - INFO - PDF path: '/home/vedant/Desktop/glimpsify/most_info_frame_extractor/video2pdf/archives/data_archive_50_python_objects_all_dirs_phash_approval_strategy_v3/ulgywi_fbr_hqq.pdf'
2025-06-29 12:16:36,199 - INFO - PDF for video '/home/vedant/Desktop/glimpsify/most_info_frame_extractor/video2pdf/data/ulgywi/Prosthodontics | Mechanical Properties | INBDE, ADAT.mp4': '/home/vedant/Desktop/glimpsify/most_info_frame_extractor/video2pdf/archives/data_archive_50_python_objects_all_dirs_phash_approval_strategy_v3/ulgywi_fbr_hqq.pdf'
2025-06-29 12:16:36,199 - INFO - Saved PDF to '/home/vedant/Desktop/glimpsify/most_info_frame_extractor/video2pdf/archives/data_archive_50_python_objects_all_dirs_phash_approval_strategy_v3/ulgywi_fbr_hqq.pdf' for video 'Prosthodontics | Mechanical Properties | INBDE, ADAT.mp4'
2025-06-29 12:36:16,466 - INFO - Internal ID: '/home/vedant/Desktop/glimpsify/most_info_frame_extractor/video2pdf/archives/data_archive_50_python_objects_all_dirs_phash_approval_strategy_v3/ulgywi_fbr_bsv'
2025-06-29 12:36:16,466 - INFO - Video path: '/home/vedant/Desktop/glimpsify/most_info_frame_extractor/video2pdf/data/ulgywi/Prosthodontics | Mechanical Properties | INBDE, ADAT.mp4'
2025-06-29 12:36:16,466 - INFO - Internal ID for video /home/vedant/Desktop/glimpsify/most_info_frame_extractor/video2pdf/data/ulgywi/Prosthodontics | Mechanical Properties | INBDE, ADAT.mp4: '/home/vedant/Desktop/glimpsify/most_info_frame_extractor/video2pdf/archives/data_archive_50_python_objects_all_dirs_phash_approval_strategy_v3/ulgywi_fbr_bsv'
2025-06-29 12:36:16,466 - INFO - Saving internal_id to video_id mapping
2025-06-29 12:36:16,534 - INFO - Getting frames...
2025-06-29 12:36:16,535 - INFO - Number of frames: 308
2025-06-29 12:36:16,544 - INFO - Extracting frames...
2025-06-29 12:36:16,544 - INFO - Number of extracted frames: 11
2025-06-29 12:36:16,544 - INFO - Saving extracted frames...
2025-06-29 12:36:16,651 - INFO - Extracted frames directory: '/home/vedant/Desktop/glimpsify/most_info_frame_extractor/video2pdf/archives/data_archive_50_python_objects_all_dirs_phash_approval_strategy_v3/ulgywi_fbr_bsv_extracted_frames'
2025-06-29 12:36:16,651 - INFO - Post processing...
2025-06-29 12:36:16,651 - INFO - Post processing done successfully
2025-06-29 12:36:16,651 - INFO - Creating PDF...
2025-06-29 12:36:16,725 - INFO - PDF path: '/home/vedant/Desktop/glimpsify/most_info_frame_extractor/video2pdf/archives/data_archive_50_python_objects_all_dirs_phash_approval_strategy_v3/ulgywi_fbr_bsv.pdf'
2025-06-29 12:36:16,725 - INFO - PDF for video '/home/vedant/Desktop/glimpsify/most_info_frame_extractor/video2pdf/data/ulgywi/Prosthodontics | Mechanical Properties | INBDE, ADAT.mp4': '/home/vedant/Desktop/glimpsify/most_info_frame_extractor/video2pdf/archives/data_archive_50_python_objects_all_dirs_phash_approval_strategy_v3/ulgywi_fbr_bsv.pdf'
2025-06-29 12:36:16,725 - INFO - Saved PDF to '/home/vedant/Desktop/glimpsify/most_info_frame_extractor/video2pdf/archives/data_archive_50_python_objects_all_dirs_phash_approval_strategy_v3/ulgywi_fbr_bsv.pdf' for video 'Prosthodontics | Mechanical Properties | INBDE, ADAT.mp4'
2025-06-29 12:38:40,524 - INFO - Internal ID: '/home/vedant/Desktop/glimpsify/most_info_frame_extractor/video2pdf/archives/data_archive_50_python_objects_all_dirs_phash_approval_strategy_v3/ulgywi_fbr_mrx'
2025-06-29 12:38:40,524 - INFO - Video path: '/home/vedant/Desktop/glimpsify/most_info_frame_extractor/video2pdf/data/ulgywi/Prosthodontics | Mechanical Properties | INBDE, ADAT.mp4'
2025-06-29 12:38:40,524 - INFO - Internal ID for video /home/vedant/Desktop/glimpsify/most_info_frame_extractor/video2pdf/data/ulgywi/Prosthodontics | Mechanical Properties | INBDE, ADAT.mp4: '/home/vedant/Desktop/glimpsify/most_info_frame_extractor/video2pdf/archives/data_archive_50_python_objects_all_dirs_phash_approval_strategy_v3/ulgywi_fbr_mrx'
2025-06-29 12:38:40,524 - INFO - Saving internal_id to video_id mapping
2025-06-29 12:38:40,587 - INFO - Getting frames...
2025-06-29 12:38:40,588 - INFO - Number of frames: 308
2025-06-29 12:38:40,598 - INFO - Extracting frames...
2025-06-29 12:38:40,598 - INFO - Number of extracted frames: 11
2025-06-29 12:38:40,598 - INFO - Saving extracted frames...
2025-06-29 12:38:40,713 - INFO - Extracted frames directory: '/home/vedant/Desktop/glimpsify/most_info_frame_extractor/video2pdf/archives/data_archive_50_python_objects_all_dirs_phash_approval_strategy_v3/ulgywi_fbr_mrx_extracted_frames'
2025-06-29 12:38:40,713 - INFO - Post processing...
2025-06-29 12:38:40,713 - INFO - Post processing done successfully
2025-06-29 12:38:40,713 - INFO - Creating PDF...
2025-06-29 12:38:40,772 - INFO - PDF path: '/home/vedant/Desktop/glimpsify/most_info_frame_extractor/video2pdf/archives/data_archive_50_python_objects_all_dirs_phash_approval_strategy_v3/ulgywi_fbr_mrx.pdf'
2025-06-29 12:38:40,772 - INFO - PDF for video '/home/vedant/Desktop/glimpsify/most_info_frame_extractor/video2pdf/data/ulgywi/Prosthodontics | Mechanical Properties | INBDE, ADAT.mp4': '/home/vedant/Desktop/glimpsify/most_info_frame_extractor/video2pdf/archives/data_archive_50_python_objects_all_dirs_phash_approval_strategy_v3/ulgywi_fbr_mrx.pdf'
2025-06-29 12:38:40,772 - INFO - Saved PDF to '/home/vedant/Desktop/glimpsify/most_info_frame_extractor/video2pdf/archives/data_archive_50_python_objects_all_dirs_phash_approval_strategy_v3/ulgywi_fbr_mrx.pdf' for video 'Prosthodontics | Mechanical Properties | INBDE, ADAT.mp4'
2025-06-29 13:12:09,951 - INFO - Internal ID: '/home/vedant/Desktop/glimpsify/most_info_frame_extractor/video2pdf/archives/data_archive_50_python_objects_all_dirs_phash_approval_strategy_v3/ulgywi_fbr_chc'
2025-06-29 13:12:09,951 - INFO - Video path: '/home/vedant/Desktop/glimpsify/most_info_frame_extractor/video2pdf/data/ulgywi/Prosthodontics | Mechanical Properties | INBDE, ADAT.mp4'
2025-06-29 13:12:09,951 - INFO - Internal ID for video /home/vedant/Desktop/glimpsify/most_info_frame_extractor/video2pdf/data/ulgywi/Prosthodontics | Mechanical Properties | INBDE, ADAT.mp4: '/home/vedant/Desktop/glimpsify/most_info_frame_extractor/video2pdf/archives/data_archive_50_python_objects_all_dirs_phash_approval_strategy_v3/ulgywi_fbr_chc'
2025-06-29 13:12:09,951 - INFO - Saving internal_id to video_id mapping
2025-06-29 13:12:10,021 - INFO - Getting frames...
2025-06-29 13:12:10,021 - INFO - Number of frames: 308
2025-06-29 13:12:10,032 - INFO - Extracting frames...
2025-06-29 13:12:10,032 - INFO - Number of extracted frames: 11
2025-06-29 13:12:10,032 - INFO - Saving extracted frames...
2025-06-29 13:12:10,143 - INFO - Extracted frames directory: '/home/vedant/Desktop/glimpsify/most_info_frame_extractor/video2pdf/archives/data_archive_50_python_objects_all_dirs_phash_approval_strategy_v3/ulgywi_fbr_chc_extracted_frames'
2025-06-29 13:12:10,143 - INFO - Post processing...
2025-06-29 13:12:10,143 - INFO - Post processing done successfully
2025-06-29 13:12:10,143 - INFO - Creating PDF...
2025-06-29 13:12:10,207 - INFO - PDF path: '/home/vedant/Desktop/glimpsify/most_info_frame_extractor/video2pdf/archives/data_archive_50_python_objects_all_dirs_phash_approval_strategy_v3/ulgywi_fbr_chc.pdf'
2025-06-29 13:12:10,207 - INFO - PDF for video '/home/vedant/Desktop/glimpsify/most_info_frame_extractor/video2pdf/data/ulgywi/Prosthodontics | Mechanical Properties | INBDE, ADAT.mp4': '/home/vedant/Desktop/glimpsify/most_info_frame_extractor/video2pdf/archives/data_archive_50_python_objects_all_dirs_phash_approval_strategy_v3/ulgywi_fbr_chc.pdf'
2025-06-29 13:12:10,207 - INFO - Saved PDF to '/home/vedant/Desktop/glimpsify/most_info_frame_extractor/video2pdf/archives/data_archive_50_python_objects_all_dirs_phash_approval_strategy_v3/ulgywi_fbr_chc.pdf' for video 'Prosthodontics | Mechanical Properties | INBDE, ADAT.mp4'
2025-06-29 13:12:29,843 - INFO - Internal ID: '/home/vedant/Desktop/glimpsify/most_info_frame_extractor/video2pdf/archives/data_archive_50_python_objects_all_dirs_phash_approval_strategy_v3/ulgywi_fbr_weo'
2025-06-29 13:12:29,843 - INFO - Video path: '/home/vedant/Desktop/glimpsify/most_info_frame_extractor/video2pdf/data/ulgywi/Prosthodontics | Mechanical Properties | INBDE, ADAT.mp4'
2025-06-29 13:12:29,843 - INFO - Internal ID for video /home/vedant/Desktop/glimpsify/most_info_frame_extractor/video2pdf/data/ulgywi/Prosthodontics | Mechanical Properties | INBDE, ADAT.mp4: '/home/vedant/Desktop/glimpsify/most_info_frame_extractor/video2pdf/archives/data_archive_50_python_objects_all_dirs_phash_approval_strategy_v3/ulgywi_fbr_weo'
2025-06-29 13:12:29,843 - INFO - Saving internal_id to video_id mapping
2025-06-29 13:12:29,914 - INFO - Getting frames...
2025-06-29 13:12:29,914 - INFO - Number of frames: 308
2025-06-29 13:12:29,924 - INFO - Extracting frames...
2025-06-29 13:12:29,924 - INFO - Number of extracted frames: 11
2025-06-29 13:12:29,924 - INFO - Saving extracted frames...
2025-06-29 13:12:30,036 - INFO - Extracted frames directory: '/home/vedant/Desktop/glimpsify/most_info_frame_extractor/video2pdf/archives/data_archive_50_python_objects_all_dirs_phash_approval_strategy_v3/ulgywi_fbr_weo_extracted_frames'
2025-06-29 13:12:30,036 - INFO - Post processing...
2025-06-29 13:12:30,036 - INFO - Post processing done successfully
2025-06-29 13:12:30,036 - INFO - Creating PDF...
2025-06-29 13:12:30,094 - INFO - PDF path: '/home/vedant/Desktop/glimpsify/most_info_frame_extractor/video2pdf/archives/data_archive_50_python_objects_all_dirs_phash_approval_strategy_v3/ulgywi_fbr_weo.pdf'
2025-06-29 13:12:30,094 - INFO - PDF for video '/home/vedant/Desktop/glimpsify/most_info_frame_extractor/video2pdf/data/ulgywi/Prosthodontics | Mechanical Properties | INBDE, ADAT.mp4': '/home/vedant/Desktop/glimpsify/most_info_frame_extractor/video2pdf/archives/data_archive_50_python_objects_all_dirs_phash_approval_strategy_v3/ulgywi_fbr_weo.pdf'
2025-06-29 13:12:30,094 - INFO - Saved PDF to '/home/vedant/Desktop/glimpsify/most_info_frame_extractor/video2pdf/archives/data_archive_50_python_objects_all_dirs_phash_approval_strategy_v3/ulgywi_fbr_weo.pdf' for video 'Prosthodontics | Mechanical Properties | INBDE, ADAT.mp4'
2025-06-29 13:12:41,939 - INFO - Internal ID: '/home/vedant/Desktop/glimpsify/most_info_frame_extractor/video2pdf/archives/data_archive_50_python_objects_all_dirs_phash_approval_strategy_v3/ulgywi_fbr_mxp'
2025-06-29 13:12:41,939 - INFO - Video path: '/home/vedant/Desktop/glimpsify/most_info_frame_extractor/video2pdf/data/ulgywi/Prosthodontics | Mechanical Properties | INBDE, ADAT.mp4'
2025-06-29 13:12:41,939 - INFO - Internal ID for video /home/vedant/Desktop/glimpsify/most_info_frame_extractor/video2pdf/data/ulgywi/Prosthodontics | Mechanical Properties | INBDE, ADAT.mp4: '/home/vedant/Desktop/glimpsify/most_info_frame_extractor/video2pdf/archives/data_archive_50_python_objects_all_dirs_phash_approval_strategy_v3/ulgywi_fbr_mxp'
2025-06-29 13:12:41,939 - INFO - Saving internal_id to video_id mapping
2025-06-29 13:12:41,997 - INFO - Getting frames...
2025-06-29 13:12:41,997 - INFO - Number of frames: 308
2025-06-29 13:12:42,006 - INFO - Extracting frames...
2025-06-29 13:12:42,006 - INFO - Number of extracted frames: 11
2025-06-29 13:12:42,006 - INFO - Saving extracted frames...
2025-06-29 13:12:42,113 - INFO - Extracted frames directory: '/home/vedant/Desktop/glimpsify/most_info_frame_extractor/video2pdf/archives/data_archive_50_python_objects_all_dirs_phash_approval_strategy_v3/ulgywi_fbr_mxp_extracted_frames'
2025-06-29 13:12:42,113 - INFO - Post processing...
2025-06-29 13:12:42,113 - INFO - Post processing done successfully
2025-06-29 13:12:42,113 - INFO - Creating PDF...
2025-06-29 13:12:42,171 - INFO - PDF path: '/home/vedant/Desktop/glimpsify/most_info_frame_extractor/video2pdf/archives/data_archive_50_python_objects_all_dirs_phash_approval_strategy_v3/ulgywi_fbr_mxp.pdf'
2025-06-29 13:12:42,171 - INFO - PDF for video '/home/vedant/Desktop/glimpsify/most_info_frame_extractor/video2pdf/data/ulgywi/Prosthodontics | Mechanical Properties | INBDE, ADAT.mp4': '/home/vedant/Desktop/glimpsify/most_info_frame_extractor/video2pdf/archives/data_archive_50_python_objects_all_dirs_phash_approval_strategy_v3/ulgywi_fbr_mxp.pdf'
2025-06-29 13:12:42,171 - INFO - Saved PDF to '/home/vedant/Desktop/glimpsify/most_info_frame_extractor/video2pdf/archives/data_archive_50_python_objects_all_dirs_phash_approval_strategy_v3/ulgywi_fbr_mxp.pdf' for video 'Prosthodontics | Mechanical Properties | INBDE, ADAT.mp4'
2025-06-29 14:12:40,347 - INFO - Internal ID: '/home/vedant/Desktop/glimpsify/most_info_frame_extractor/video2pdf/archives/data_archive_50_python_objects_all_dirs_phash_approval_strategy_v3/ulgywi_fbr_srq'
2025-06-29 14:12:40,348 - INFO - Video path: '/home/vedant/Desktop/glimpsify/most_info_frame_extractor/video2pdf/data/ulgywi/Prosthodontics | Mechanical Properties | INBDE, ADAT.mp4'
2025-06-29 14:12:40,348 - INFO - Internal ID for video /home/vedant/Desktop/glimpsify/most_info_frame_extractor/video2pdf/data/ulgywi/Prosthodontics | Mechanical Properties | INBDE, ADAT.mp4: '/home/vedant/Desktop/glimpsify/most_info_frame_extractor/video2pdf/archives/data_archive_50_python_objects_all_dirs_phash_approval_strategy_v3/ulgywi_fbr_srq'
2025-06-29 14:12:40,348 - INFO - Saving internal_id to video_id mapping
2025-06-29 14:12:40,437 - INFO - Getting frames...
2025-06-29 14:12:40,437 - INFO - Number of frames: 308
2025-06-29 14:12:40,452 - INFO - Extracting frames...
2025-06-29 14:12:40,452 - INFO - Number of extracted frames: 11
2025-06-29 14:12:40,452 - INFO - Saving extracted frames...
2025-06-29 14:12:40,664 - INFO - Extracted frames directory: '/home/vedant/Desktop/glimpsify/most_info_frame_extractor/video2pdf/archives/data_archive_50_python_objects_all_dirs_phash_approval_strategy_v3/ulgywi_fbr_srq_extracted_frames'
2025-06-29 14:12:40,665 - INFO - Post processing...
2025-06-29 14:12:40,665 - INFO - Post processing done successfully
2025-06-29 14:12:40,665 - INFO - Creating PDF...
2025-06-29 14:12:40,760 - INFO - PDF path: '/home/vedant/Desktop/glimpsify/most_info_frame_extractor/video2pdf/archives/data_archive_50_python_objects_all_dirs_phash_approval_strategy_v3/ulgywi_fbr_srq.pdf'
2025-06-29 14:12:40,760 - INFO - PDF for video '/home/vedant/Desktop/glimpsify/most_info_frame_extractor/video2pdf/data/ulgywi/Prosthodontics | Mechanical Properties | INBDE, ADAT.mp4': '/home/vedant/Desktop/glimpsify/most_info_frame_extractor/video2pdf/archives/data_archive_50_python_objects_all_dirs_phash_approval_strategy_v3/ulgywi_fbr_srq.pdf'
2025-06-29 14:12:40,760 - INFO - Saved PDF to '/home/vedant/Desktop/glimpsify/most_info_frame_extractor/video2pdf/archives/data_archive_50_python_objects_all_dirs_phash_approval_strategy_v3/ulgywi_fbr_srq.pdf' for video 'Prosthodontics | Mechanical Properties | INBDE, ADAT.mp4'
2025-06-29 14:12:45,307 - INFO - Internal ID: '/home/vedant/Desktop/glimpsify/most_info_frame_extractor/video2pdf/archives/data_archive_50_python_objects_all_dirs_phash_approval_strategy_v3/ulgywi_fbr_esa'
2025-06-29 14:12:45,307 - INFO - Video path: '/home/vedant/Desktop/glimpsify/most_info_frame_extractor/video2pdf/data/ulgywi/Prosthodontics | Mechanical Properties | INBDE, ADAT.mp4'
2025-06-29 14:12:45,307 - INFO - Internal ID for video /home/vedant/Desktop/glimpsify/most_info_frame_extractor/video2pdf/data/ulgywi/Prosthodontics | Mechanical Properties | INBDE, ADAT.mp4: '/home/vedant/Desktop/glimpsify/most_info_frame_extractor/video2pdf/archives/data_archive_50_python_objects_all_dirs_phash_approval_strategy_v3/ulgywi_fbr_esa'
2025-06-29 14:12:45,307 - INFO - Saving internal_id to video_id mapping
2025-06-29 14:12:45,395 - INFO - Getting frames...
2025-06-29 14:12:45,395 - INFO - Number of frames: 308
2025-06-29 14:12:45,410 - INFO - Extracting frames...
2025-06-29 14:12:45,410 - INFO - Number of extracted frames: 14
2025-06-29 14:12:45,410 - INFO - Saving extracted frames...
2025-06-29 14:12:45,684 - INFO - Extracted frames directory: '/home/vedant/Desktop/glimpsify/most_info_frame_extractor/video2pdf/archives/data_archive_50_python_objects_all_dirs_phash_approval_strategy_v3/ulgywi_fbr_esa_extracted_frames'
2025-06-29 14:12:45,684 - INFO - Post processing...
2025-06-29 14:12:45,684 - INFO - Post processing done successfully
2025-06-29 14:12:45,684 - INFO - Creating PDF...
2025-06-29 14:12:45,793 - INFO - PDF path: '/home/vedant/Desktop/glimpsify/most_info_frame_extractor/video2pdf/archives/data_archive_50_python_objects_all_dirs_phash_approval_strategy_v3/ulgywi_fbr_esa.pdf'
2025-06-29 14:12:45,793 - INFO - PDF for video '/home/vedant/Desktop/glimpsify/most_info_frame_extractor/video2pdf/data/ulgywi/Prosthodontics | Mechanical Properties | INBDE, ADAT.mp4': '/home/vedant/Desktop/glimpsify/most_info_frame_extractor/video2pdf/archives/data_archive_50_python_objects_all_dirs_phash_approval_strategy_v3/ulgywi_fbr_esa.pdf'
2025-06-29 14:12:45,793 - INFO - Saved PDF to '/home/vedant/Desktop/glimpsify/most_info_frame_extractor/video2pdf/archives/data_archive_50_python_objects_all_dirs_phash_approval_strategy_v3/ulgywi_fbr_esa.pdf' for video 'Prosthodontics | Mechanical Properties | INBDE, ADAT.mp4'
2025-06-29 14:44:08,994 - INFO - Internal ID: '/home/vedant/Desktop/glimpsify/most_info_frame_extractor/video2pdf/archives/data_archive_50_python_objects_all_dirs_phash_approval_strategy_v3/ulgywi_fbr_ptx'
2025-06-29 14:44:08,994 - INFO - Video path: '/home/vedant/Desktop/glimpsify/most_info_frame_extractor/video2pdf/data/ulgywi/Prosthodontics | Mechanical Properties | INBDE, ADAT.mp4'
2025-06-29 14:44:08,995 - INFO - Internal ID for video /home/vedant/Desktop/glimpsify/most_info_frame_extractor/video2pdf/data/ulgywi/Prosthodontics | Mechanical Properties | INBDE, ADAT.mp4: '/home/vedant/Desktop/glimpsify/most_info_frame_extractor/video2pdf/archives/data_archive_50_python_objects_all_dirs_phash_approval_strategy_v3/ulgywi_fbr_ptx'
2025-06-29 14:44:08,995 - INFO - Saving internal_id to video_id mapping
2025-06-29 14:44:09,055 - INFO - Getting frames...
2025-06-29 14:44:09,055 - INFO - Number of frames: 308
2025-06-29 14:44:09,064 - INFO - Extracting frames...
2025-06-29 14:44:09,065 - INFO - Number of extracted frames: 11
2025-06-29 14:44:09,065 - INFO - Saving extracted frames...
2025-06-29 14:44:09,173 - INFO - Extracted frames directory: '/home/vedant/Desktop/glimpsify/most_info_frame_extractor/video2pdf/archives/data_archive_50_python_objects_all_dirs_phash_approval_strategy_v3/ulgywi_fbr_ptx_extracted_frames'
2025-06-29 14:44:09,173 - INFO - Post processing...
2025-06-29 14:44:09,173 - INFO - Post processing done successfully
2025-06-29 14:44:09,173 - INFO - Creating PDF...
2025-06-29 14:44:09,231 - INFO - PDF path: '/home/vedant/Desktop/glimpsify/most_info_frame_extractor/video2pdf/archives/data_archive_50_python_objects_all_dirs_phash_approval_strategy_v3/ulgywi_fbr_ptx.pdf'
2025-06-29 14:44:09,231 - INFO - PDF for video '/home/vedant/Desktop/glimpsify/most_info_frame_extractor/video2pdf/data/ulgywi/Prosthodontics | Mechanical Properties | INBDE, ADAT.mp4': '/home/vedant/Desktop/glimpsify/most_info_frame_extractor/video2pdf/archives/data_archive_50_python_objects_all_dirs_phash_approval_strategy_v3/ulgywi_fbr_ptx.pdf'
2025-06-29 14:44:09,231 - INFO - Saved PDF to '/home/vedant/Desktop/glimpsify/most_info_frame_extractor/video2pdf/archives/data_archive_50_python_objects_all_dirs_phash_approval_strategy_v3/ulgywi_fbr_ptx.pdf' for video 'Prosthodontics | Mechanical Properties | INBDE, ADAT.mp4'
2025-06-29 14:44:12,171 - INFO - Internal ID: '/home/vedant/Desktop/glimpsify/most_info_frame_extractor/video2pdf/archives/data_archive_50_python_objects_all_dirs_phash_approval_strategy_v3/ulgywi_fbr_thz'
2025-06-29 14:44:12,171 - INFO - Video path: '/home/vedant/Desktop/glimpsify/most_info_frame_extractor/video2pdf/data/ulgywi/Prosthodontics | Mechanical Properties | INBDE, ADAT.mp4'
2025-06-29 14:44:12,171 - INFO - Internal ID for video /home/vedant/Desktop/glimpsify/most_info_frame_extractor/video2pdf/data/ulgywi/Prosthodontics | Mechanical Properties | INBDE, ADAT.mp4: '/home/vedant/Desktop/glimpsify/most_info_frame_extractor/video2pdf/archives/data_archive_50_python_objects_all_dirs_phash_approval_strategy_v3/ulgywi_fbr_thz'
2025-06-29 14:44:12,171 - INFO - Saving internal_id to video_id mapping
2025-06-29 14:44:12,229 - INFO - Getting frames...
2025-06-29 14:44:12,229 - INFO - Number of frames: 308
2025-06-29 14:44:12,238 - INFO - Extracting frames...
2025-06-29 14:44:12,238 - INFO - Number of extracted frames: 14
2025-06-29 14:44:12,238 - INFO - Saving extracted frames...
2025-06-29 14:44:12,377 - INFO - Extracted frames directory: '/home/vedant/Desktop/glimpsify/most_info_frame_extractor/video2pdf/archives/data_archive_50_python_objects_all_dirs_phash_approval_strategy_v3/ulgywi_fbr_thz_extracted_frames'
2025-06-29 14:44:12,377 - INFO - Post processing...
2025-06-29 14:44:12,377 - INFO - Post processing done successfully
2025-06-29 14:44:12,377 - INFO - Creating PDF...
2025-06-29 14:44:12,446 - INFO - PDF path: '/home/vedant/Desktop/glimpsify/most_info_frame_extractor/video2pdf/archives/data_archive_50_python_objects_all_dirs_phash_approval_strategy_v3/ulgywi_fbr_thz.pdf'
2025-06-29 14:44:12,446 - INFO - PDF for video '/home/vedant/Desktop/glimpsify/most_info_frame_extractor/video2pdf/data/ulgywi/Prosthodontics | Mechanical Properties | INBDE, ADAT.mp4': '/home/vedant/Desktop/glimpsify/most_info_frame_extractor/video2pdf/archives/data_archive_50_python_objects_all_dirs_phash_approval_strategy_v3/ulgywi_fbr_thz.pdf'
2025-06-29 14:44:12,446 - INFO - Saved PDF to '/home/vedant/Desktop/glimpsify/most_info_frame_extractor/video2pdf/archives/data_archive_50_python_objects_all_dirs_phash_approval_strategy_v3/ulgywi_fbr_thz.pdf' for video 'Prosthodontics | Mechanical Properties | INBDE, ADAT.mp4'
2025-06-29 14:46:09,005 - INFO - Internal ID: '/home/vedant/Desktop/glimpsify/most_info_frame_extractor/video2pdf/archives/data_archive_50_python_objects_all_dirs_phash_approval_strategy_v3/ulgywi_fbr_zot'
2025-06-29 14:46:09,005 - INFO - Video path: '/home/vedant/Desktop/glimpsify/most_info_frame_extractor/video2pdf/data/ulgywi/Prosthodontics | Mechanical Properties | INBDE, ADAT.mp4'
2025-06-29 14:46:09,005 - INFO - Internal ID for video /home/vedant/Desktop/glimpsify/most_info_frame_extractor/video2pdf/data/ulgywi/Prosthodontics | Mechanical Properties | INBDE, ADAT.mp4: '/home/vedant/Desktop/glimpsify/most_info_frame_extractor/video2pdf/archives/data_archive_50_python_objects_all_dirs_phash_approval_strategy_v3/ulgywi_fbr_zot'
2025-06-29 14:46:09,005 - INFO - Saving internal_id to video_id mapping
2025-06-29 14:46:35,439 - INFO - Internal ID: '/home/vedant/Desktop/glimpsify/most_info_frame_extractor/video2pdf/archives/data_archive_50_python_objects_all_dirs_phash_approval_strategy_v3/ulgywi_fbr_osi'
2025-06-29 14:46:35,440 - INFO - Video path: '/home/vedant/Desktop/glimpsify/most_info_frame_extractor/video2pdf/data/ulgywi/Prosthodontics | Mechanical Properties | INBDE, ADAT.mp4'
2025-06-29 14:46:35,440 - INFO - Internal ID for video /home/vedant/Desktop/glimpsify/most_info_frame_extractor/video2pdf/data/ulgywi/Prosthodontics | Mechanical Properties | INBDE, ADAT.mp4: '/home/vedant/Desktop/glimpsify/most_info_frame_extractor/video2pdf/archives/data_archive_50_python_objects_all_dirs_phash_approval_strategy_v3/ulgywi_fbr_osi'
2025-06-29 14:46:35,440 - INFO - Saving internal_id to video_id mapping
2025-06-29 14:46:36,705 - INFO - Getting frames...
2025-06-29 14:46:36,708 - INFO - Number of frames: 308
2025-06-29 14:46:36,719 - INFO - Extracting frames...
2025-06-29 14:46:36,719 - INFO - Number of extracted frames: 11
2025-06-29 14:46:36,719 - INFO - Saving extracted frames...
2025-06-29 14:46:36,968 - INFO - Extracted frames directory: '/home/vedant/Desktop/glimpsify/most_info_frame_extractor/video2pdf/archives/data_archive_50_python_objects_all_dirs_phash_approval_strategy_v3/ulgywi_fbr_osi_extracted_frames'
2025-06-29 14:46:36,969 - INFO - Post processing...
2025-06-29 14:46:36,969 - INFO - Post processing done successfully
2025-06-29 14:46:36,969 - INFO - Creating PDF...
2025-06-29 14:46:37,335 - INFO - PDF path: '/home/vedant/Desktop/glimpsify/most_info_frame_extractor/video2pdf/archives/data_archive_50_python_objects_all_dirs_phash_approval_strategy_v3/ulgywi_fbr_osi.pdf'
2025-06-29 14:46:37,335 - INFO - PDF for video '/home/vedant/Desktop/glimpsify/most_info_frame_extractor/video2pdf/data/ulgywi/Prosthodontics | Mechanical Properties | INBDE, ADAT.mp4': '/home/vedant/Desktop/glimpsify/most_info_frame_extractor/video2pdf/archives/data_archive_50_python_objects_all_dirs_phash_approval_strategy_v3/ulgywi_fbr_osi.pdf'
2025-06-29 14:46:37,335 - INFO - Saved PDF to '/home/vedant/Desktop/glimpsify/most_info_frame_extractor/video2pdf/archives/data_archive_50_python_objects_all_dirs_phash_approval_strategy_v3/ulgywi_fbr_osi.pdf' for video 'Prosthodontics | Mechanical Properties | INBDE, ADAT.mp4'
2025-06-29 14:46:40,361 - INFO - Internal ID: '/home/vedant/Desktop/glimpsify/most_info_frame_extractor/video2pdf/archives/data_archive_50_python_objects_all_dirs_phash_approval_strategy_v3/ulgywi_fbr_zdh'
2025-06-29 14:46:40,361 - INFO - Video path: '/home/vedant/Desktop/glimpsify/most_info_frame_extractor/video2pdf/data/ulgywi/Prosthodontics | Mechanical Properties | INBDE, ADAT.mp4'
2025-06-29 14:46:40,361 - INFO - Internal ID for video /home/vedant/Desktop/glimpsify/most_info_frame_extractor/video2pdf/data/ulgywi/Prosthodontics | Mechanical Properties | INBDE, ADAT.mp4: '/home/vedant/Desktop/glimpsify/most_info_frame_extractor/video2pdf/archives/data_archive_50_python_objects_all_dirs_phash_approval_strategy_v3/ulgywi_fbr_zdh'
2025-06-29 14:46:40,361 - INFO - Saving internal_id to video_id mapping
2025-06-29 14:46:40,422 - INFO - Getting frames...
2025-06-29 14:46:40,422 - INFO - Number of frames: 308
2025-06-29 14:46:40,431 - INFO - Extracting frames...
2025-06-29 14:46:40,431 - INFO - Number of extracted frames: 14
2025-06-29 14:46:40,431 - INFO - Saving extracted frames...
2025-06-29 14:46:40,563 - INFO - Extracted frames directory: '/home/vedant/Desktop/glimpsify/most_info_frame_extractor/video2pdf/archives/data_archive_50_python_objects_all_dirs_phash_approval_strategy_v3/ulgywi_fbr_zdh_extracted_frames'
2025-06-29 14:46:40,563 - INFO - Post processing...
2025-06-29 14:46:40,563 - INFO - Post processing done successfully
2025-06-29 14:46:40,563 - INFO - Creating PDF...
2025-06-29 14:46:40,630 - INFO - PDF path: '/home/vedant/Desktop/glimpsify/most_info_frame_extractor/video2pdf/archives/data_archive_50_python_objects_all_dirs_phash_approval_strategy_v3/ulgywi_fbr_zdh.pdf'
2025-06-29 14:46:40,630 - INFO - PDF for video '/home/vedant/Desktop/glimpsify/most_info_frame_extractor/video2pdf/data/ulgywi/Prosthodontics | Mechanical Properties | INBDE, ADAT.mp4': '/home/vedant/Desktop/glimpsify/most_info_frame_extractor/video2pdf/archives/data_archive_50_python_objects_all_dirs_phash_approval_strategy_v3/ulgywi_fbr_zdh.pdf'
2025-06-29 14:46:40,631 - INFO - Saved PDF to '/home/vedant/Desktop/glimpsify/most_info_frame_extractor/video2pdf/archives/data_archive_50_python_objects_all_dirs_phash_approval_strategy_v3/ulgywi_fbr_zdh.pdf' for video 'Prosthodontics | Mechanical Properties | INBDE, ADAT.mp4'
2025-06-30 16:39:34,363 - INFO - Internal ID: '/home/vedant/Desktop/glimpsify/most_info_frame_extractor/video2pdf/archives/data_archive_50_python_objects_all_dirs_phash_approval_strategy_v3/ulgywi_fbr_taz'
2025-06-30 16:39:34,364 - INFO - Video path: '/home/vedant/Desktop/glimpsify/most_info_frame_extractor/video2pdf/data/ulgywi/Prosthodontics | Mechanical Properties | INBDE, ADAT.mp4'
2025-06-30 16:39:34,364 - INFO - Internal ID for video /home/vedant/Desktop/glimpsify/most_info_frame_extractor/video2pdf/data/ulgywi/Prosthodontics | Mechanical Properties | INBDE, ADAT.mp4: '/home/vedant/Desktop/glimpsify/most_info_frame_extractor/video2pdf/archives/data_archive_50_python_objects_all_dirs_phash_approval_strategy_v3/ulgywi_fbr_taz'
2025-06-30 16:39:34,364 - INFO - Saving internal_id to video_id mapping
2025-06-30 16:39:34,587 - INFO - Getting frames...
2025-06-30 16:39:34,588 - INFO - Number of frames: 308
2025-06-30 16:39:34,648 - INFO - Extracting frames...
2025-06-30 16:39:34,648 - INFO - Number of extracted frames: 11
2025-06-30 16:39:34,648 - INFO - Saving extracted frames...
2025-06-30 16:39:34,786 - INFO - Extracted frames directory: '/home/vedant/Desktop/glimpsify/most_info_frame_extractor/video2pdf/archives/data_archive_50_python_objects_all_dirs_phash_approval_strategy_v3/ulgywi_fbr_taz_extracted_frames'
2025-06-30 16:39:34,786 - INFO - Post processing...
2025-06-30 16:39:34,786 - INFO - Post processing done successfully
2025-06-30 16:39:34,786 - INFO - Creating PDF...
2025-06-30 16:39:34,895 - INFO - PDF path: '/home/vedant/Desktop/glimpsify/most_info_frame_extractor/video2pdf/archives/data_archive_50_python_objects_all_dirs_phash_approval_strategy_v3/ulgywi_fbr_taz.pdf'
2025-06-30 16:39:34,895 - INFO - PDF for video '/home/vedant/Desktop/glimpsify/most_info_frame_extractor/video2pdf/data/ulgywi/Prosthodontics | Mechanical Properties | INBDE, ADAT.mp4': '/home/vedant/Desktop/glimpsify/most_info_frame_extractor/video2pdf/archives/data_archive_50_python_objects_all_dirs_phash_approval_strategy_v3/ulgywi_fbr_taz.pdf'
2025-06-30 16:39:34,895 - INFO - Saved PDF to '/home/vedant/Desktop/glimpsify/most_info_frame_extractor/video2pdf/archives/data_archive_50_python_objects_all_dirs_phash_approval_strategy_v3/ulgywi_fbr_taz.pdf' for video 'Prosthodontics | Mechanical Properties | INBDE, ADAT.mp4'
2025-06-30 16:39:37,972 - INFO - Internal ID: '/home/vedant/Desktop/glimpsify/most_info_frame_extractor/video2pdf/archives/data_archive_50_python_objects_all_dirs_phash_approval_strategy_v3/ulgywi_fbr_nsp'
2025-06-30 16:39:37,972 - INFO - Video path: '/home/vedant/Desktop/glimpsify/most_info_frame_extractor/video2pdf/data/ulgywi/Prosthodontics | Mechanical Properties | INBDE, ADAT.mp4'
2025-06-30 16:39:37,972 - INFO - Internal ID for video /home/vedant/Desktop/glimpsify/most_info_frame_extractor/video2pdf/data/ulgywi/Prosthodontics | Mechanical Properties | INBDE, ADAT.mp4: '/home/vedant/Desktop/glimpsify/most_info_frame_extractor/video2pdf/archives/data_archive_50_python_objects_all_dirs_phash_approval_strategy_v3/ulgywi_fbr_nsp'
2025-06-30 16:39:37,972 - INFO - Saving internal_id to video_id mapping
2025-06-30 16:39:38,026 - INFO - Getting frames...
2025-06-30 16:39:38,026 - INFO - Number of frames: 308
2025-06-30 16:39:38,035 - INFO - Extracting frames...
2025-06-30 16:39:38,035 - INFO - Number of extracted frames: 14
2025-06-30 16:39:38,035 - INFO - Saving extracted frames...
2025-06-30 16:39:38,171 - INFO - Extracted frames directory: '/home/vedant/Desktop/glimpsify/most_info_frame_extractor/video2pdf/archives/data_archive_50_python_objects_all_dirs_phash_approval_strategy_v3/ulgywi_fbr_nsp_extracted_frames'
2025-06-30 16:39:38,171 - INFO - Post processing...
2025-06-30 16:39:38,171 - INFO - Post processing done successfully
2025-06-30 16:39:38,171 - INFO - Creating PDF...
2025-06-30 16:39:38,251 - INFO - PDF path: '/home/vedant/Desktop/glimpsify/most_info_frame_extractor/video2pdf/archives/data_archive_50_python_objects_all_dirs_phash_approval_strategy_v3/ulgywi_fbr_nsp.pdf'
2025-06-30 16:39:38,251 - INFO - PDF for video '/home/vedant/Desktop/glimpsify/most_info_frame_extractor/video2pdf/data/ulgywi/Prosthodontics | Mechanical Properties | INBDE, ADAT.mp4': '/home/vedant/Desktop/glimpsify/most_info_frame_extractor/video2pdf/archives/data_archive_50_python_objects_all_dirs_phash_approval_strategy_v3/ulgywi_fbr_nsp.pdf'
2025-06-30 16:39:38,251 - INFO - Saved PDF to '/home/vedant/Desktop/glimpsify/most_info_frame_extractor/video2pdf/archives/data_archive_50_python_objects_all_dirs_phash_approval_strategy_v3/ulgywi_fbr_nsp.pdf' for video 'Prosthodontics | Mechanical Properties | INBDE, ADAT.mp4'
2025-06-30 16:42:34,353 - INFO - Internal ID: '/home/vedant/Desktop/glimpsify/most_info_frame_extractor/video2pdf/archives/data_archive_50_python_objects_all_dirs_phash_approval_strategy_v3/ulgywi_fbr_eaz'
2025-06-30 16:42:34,353 - INFO - Video path: '/home/vedant/Desktop/glimpsify/most_info_frame_extractor/video2pdf/data/ulgywi/Prosthodontics | Mechanical Properties | INBDE, ADAT.mp4'
2025-06-30 16:42:34,353 - INFO - Internal ID for video /home/vedant/Desktop/glimpsify/most_info_frame_extractor/video2pdf/data/ulgywi/Prosthodontics | Mechanical Properties | INBDE, ADAT.mp4: '/home/vedant/Desktop/glimpsify/most_info_frame_extractor/video2pdf/archives/data_archive_50_python_objects_all_dirs_phash_approval_strategy_v3/ulgywi_fbr_eaz'
2025-06-30 16:42:34,353 - INFO - Saving internal_id to video_id mapping
2025-06-30 16:42:34,419 - INFO - Getting frames...
2025-06-30 16:42:34,419 - INFO - Number of frames: 308
2025-06-30 16:42:34,428 - INFO - Extracting frames...
2025-06-30 16:42:34,428 - INFO - Number of extracted frames: 11
2025-06-30 16:42:34,429 - INFO - Saving extracted frames...
2025-06-30 16:42:34,532 - INFO - Extracted frames directory: '/home/vedant/Desktop/glimpsify/most_info_frame_extractor/video2pdf/archives/data_archive_50_python_objects_all_dirs_phash_approval_strategy_v3/ulgywi_fbr_eaz_extracted_frames'
2025-06-30 16:42:34,533 - INFO - Post processing...
2025-06-30 16:42:34,533 - INFO - Post processing done successfully
2025-06-30 16:42:34,533 - INFO - Creating PDF...
2025-06-30 16:42:34,589 - INFO - PDF path: '/home/vedant/Desktop/glimpsify/most_info_frame_extractor/video2pdf/archives/data_archive_50_python_objects_all_dirs_phash_approval_strategy_v3/ulgywi_fbr_eaz.pdf'
2025-06-30 16:42:34,589 - INFO - PDF for video '/home/vedant/Desktop/glimpsify/most_info_frame_extractor/video2pdf/data/ulgywi/Prosthodontics | Mechanical Properties | INBDE, ADAT.mp4': '/home/vedant/Desktop/glimpsify/most_info_frame_extractor/video2pdf/archives/data_archive_50_python_objects_all_dirs_phash_approval_strategy_v3/ulgywi_fbr_eaz.pdf'
2025-06-30 16:42:34,589 - INFO - Saved PDF to '/home/vedant/Desktop/glimpsify/most_info_frame_extractor/video2pdf/archives/data_archive_50_python_objects_all_dirs_phash_approval_strategy_v3/ulgywi_fbr_eaz.pdf' for video 'Prosthodontics | Mechanical Properties | INBDE, ADAT.mp4'
2025-06-30 16:42:37,663 - INFO - Internal ID: '/home/vedant/Desktop/glimpsify/most_info_frame_extractor/video2pdf/archives/data_archive_50_python_objects_all_dirs_phash_approval_strategy_v3/ulgywi_fbr_xzp'
2025-06-30 16:42:37,663 - INFO - Video path: '/home/vedant/Desktop/glimpsify/most_info_frame_extractor/video2pdf/data/ulgywi/Prosthodontics | Mechanical Properties | INBDE, ADAT.mp4'
2025-06-30 16:42:37,663 - INFO - Internal ID for video /home/vedant/Desktop/glimpsify/most_info_frame_extractor/video2pdf/data/ulgywi/Prosthodontics | Mechanical Properties | INBDE, ADAT.mp4: '/home/vedant/Desktop/glimpsify/most_info_frame_extractor/video2pdf/archives/data_archive_50_python_objects_all_dirs_phash_approval_strategy_v3/ulgywi_fbr_xzp'
2025-06-30 16:42:37,663 - INFO - Saving internal_id to video_id mapping
2025-06-30 16:42:37,724 - INFO - Getting frames...
2025-06-30 16:42:37,724 - INFO - Number of frames: 308
2025-06-30 16:42:37,734 - INFO - Extracting frames...
2025-06-30 16:42:37,734 - INFO - Number of extracted frames: 14
2025-06-30 16:42:37,734 - INFO - Saving extracted frames...
2025-06-30 16:42:37,870 - INFO - Extracted frames directory: '/home/vedant/Desktop/glimpsify/most_info_frame_extractor/video2pdf/archives/data_archive_50_python_objects_all_dirs_phash_approval_strategy_v3/ulgywi_fbr_xzp_extracted_frames'
2025-06-30 16:42:37,870 - INFO - Post processing...
2025-06-30 16:42:37,870 - INFO - Post processing done successfully
2025-06-30 16:42:37,870 - INFO - Creating PDF...
2025-06-30 16:42:37,942 - INFO - PDF path: '/home/vedant/Desktop/glimpsify/most_info_frame_extractor/video2pdf/archives/data_archive_50_python_objects_all_dirs_phash_approval_strategy_v3/ulgywi_fbr_xzp.pdf'
2025-06-30 16:42:37,942 - INFO - PDF for video '/home/vedant/Desktop/glimpsify/most_info_frame_extractor/video2pdf/data/ulgywi/Prosthodontics | Mechanical Properties | INBDE, ADAT.mp4': '/home/vedant/Desktop/glimpsify/most_info_frame_extractor/video2pdf/archives/data_archive_50_python_objects_all_dirs_phash_approval_strategy_v3/ulgywi_fbr_xzp.pdf'
2025-06-30 16:42:37,942 - INFO - Saved PDF to '/home/vedant/Desktop/glimpsify/most_info_frame_extractor/video2pdf/archives/data_archive_50_python_objects_all_dirs_phash_approval_strategy_v3/ulgywi_fbr_xzp.pdf' for video 'Prosthodontics | Mechanical Properties | INBDE, ADAT.mp4'
2025-06-30 16:46:48,299 - INFO - Internal ID: '/home/vedant/Desktop/glimpsify/most_info_frame_extractor/video2pdf/archives/data_archive_50_python_objects_all_dirs_phash_approval_strategy_v3/ulgywi_fbr_wgd'
2025-06-30 16:46:48,300 - INFO - Video path: '/home/vedant/Desktop/glimpsify/most_info_frame_extractor/video2pdf/data/ulgywi/Prosthodontics | Mechanical Properties | INBDE, ADAT.mp4'
2025-06-30 16:46:48,300 - INFO - Internal ID for video /home/vedant/Desktop/glimpsify/most_info_frame_extractor/video2pdf/data/ulgywi/Prosthodontics | Mechanical Properties | INBDE, ADAT.mp4: '/home/vedant/Desktop/glimpsify/most_info_frame_extractor/video2pdf/archives/data_archive_50_python_objects_all_dirs_phash_approval_strategy_v3/ulgywi_fbr_wgd'
2025-06-30 16:46:48,300 - INFO - Saving internal_id to video_id mapping
2025-06-30 16:46:48,375 - INFO - Getting frames...
2025-06-30 16:46:48,375 - INFO - Number of frames: 308
2025-06-30 16:46:48,386 - INFO - Extracting frames...
2025-06-30 16:46:48,387 - INFO - Number of extracted frames: 11
2025-06-30 16:46:48,387 - INFO - Saving extracted frames...
2025-06-30 16:46:48,517 - INFO - Extracted frames directory: '/home/vedant/Desktop/glimpsify/most_info_frame_extractor/video2pdf/archives/data_archive_50_python_objects_all_dirs_phash_approval_strategy_v3/ulgywi_fbr_wgd_extracted_frames'
2025-06-30 16:46:48,517 - INFO - Post processing...
2025-06-30 16:46:48,517 - INFO - Post processing done successfully
2025-06-30 16:46:48,517 - INFO - Creating PDF...
2025-06-30 16:46:48,581 - INFO - PDF path: '/home/vedant/Desktop/glimpsify/most_info_frame_extractor/video2pdf/archives/data_archive_50_python_objects_all_dirs_phash_approval_strategy_v3/ulgywi_fbr_wgd.pdf'
2025-06-30 16:46:48,581 - INFO - PDF for video '/home/vedant/Desktop/glimpsify/most_info_frame_extractor/video2pdf/data/ulgywi/Prosthodontics | Mechanical Properties | INBDE, ADAT.mp4': '/home/vedant/Desktop/glimpsify/most_info_frame_extractor/video2pdf/archives/data_archive_50_python_objects_all_dirs_phash_approval_strategy_v3/ulgywi_fbr_wgd.pdf'
2025-06-30 16:46:48,581 - INFO - Saved PDF to '/home/vedant/Desktop/glimpsify/most_info_frame_extractor/video2pdf/archives/data_archive_50_python_objects_all_dirs_phash_approval_strategy_v3/ulgywi_fbr_wgd.pdf' for video 'Prosthodontics | Mechanical Properties | INBDE, ADAT.mp4'
2025-06-30 16:46:52,109 - INFO - Internal ID: '/home/vedant/Desktop/glimpsify/most_info_frame_extractor/video2pdf/archives/data_archive_50_python_objects_all_dirs_phash_approval_strategy_v3/ulgywi_fbr_uwy'
2025-06-30 16:46:52,109 - INFO - Video path: '/home/vedant/Desktop/glimpsify/most_info_frame_extractor/video2pdf/data/ulgywi/Prosthodontics | Mechanical Properties | INBDE, ADAT.mp4'
2025-06-30 16:46:52,109 - INFO - Internal ID for video /home/vedant/Desktop/glimpsify/most_info_frame_extractor/video2pdf/data/ulgywi/Prosthodontics | Mechanical Properties | INBDE, ADAT.mp4: '/home/vedant/Desktop/glimpsify/most_info_frame_extractor/video2pdf/archives/data_archive_50_python_objects_all_dirs_phash_approval_strategy_v3/ulgywi_fbr_uwy'
2025-06-30 16:46:52,109 - INFO - Saving internal_id to video_id mapping
2025-06-30 16:46:52,179 - INFO - Getting frames...
2025-06-30 16:46:52,180 - INFO - Number of frames: 308
2025-06-30 16:46:52,190 - INFO - Extracting frames...
2025-06-30 16:46:52,190 - INFO - Number of extracted frames: 14
2025-06-30 16:46:52,190 - INFO - Saving extracted frames...
2025-06-30 16:46:52,356 - INFO - Extracted frames directory: '/home/vedant/Desktop/glimpsify/most_info_frame_extractor/video2pdf/archives/data_archive_50_python_objects_all_dirs_phash_approval_strategy_v3/ulgywi_fbr_uwy_extracted_frames'
2025-06-30 16:46:52,356 - INFO - Post processing...
2025-06-30 16:46:52,356 - INFO - Post processing done successfully
2025-06-30 16:46:52,356 - INFO - Creating PDF...
2025-06-30 16:46:52,430 - INFO - PDF path: '/home/vedant/Desktop/glimpsify/most_info_frame_extractor/video2pdf/archives/data_archive_50_python_objects_all_dirs_phash_approval_strategy_v3/ulgywi_fbr_uwy.pdf'
2025-06-30 16:46:52,430 - INFO - PDF for video '/home/vedant/Desktop/glimpsify/most_info_frame_extractor/video2pdf/data/ulgywi/Prosthodontics | Mechanical Properties | INBDE, ADAT.mp4': '/home/vedant/Desktop/glimpsify/most_info_frame_extractor/video2pdf/archives/data_archive_50_python_objects_all_dirs_phash_approval_strategy_v3/ulgywi_fbr_uwy.pdf'
2025-06-30 16:46:52,431 - INFO - Saved PDF to '/home/vedant/Desktop/glimpsify/most_info_frame_extractor/video2pdf/archives/data_archive_50_python_objects_all_dirs_phash_approval_strategy_v3/ulgywi_fbr_uwy.pdf' for video 'Prosthodontics | Mechanical Properties | INBDE, ADAT.mp4'
2025-06-30 16:47:51,513 - INFO - Internal ID: '/home/vedant/Desktop/glimpsify/most_info_frame_extractor/video2pdf/archives/data_archive_50_python_objects_all_dirs_phash_approval_strategy_v3/ulgywi_fbr_sht'
2025-06-30 16:47:51,513 - INFO - Video path: '/home/vedant/Desktop/glimpsify/most_info_frame_extractor/video2pdf/data/ulgywi/Prosthodontics | Mechanical Properties | INBDE, ADAT.mp4'
2025-06-30 16:47:51,513 - INFO - Internal ID for video /home/vedant/Desktop/glimpsify/most_info_frame_extractor/video2pdf/data/ulgywi/Prosthodontics | Mechanical Properties | INBDE, ADAT.mp4: '/home/vedant/Desktop/glimpsify/most_info_frame_extractor/video2pdf/archives/data_archive_50_python_objects_all_dirs_phash_approval_strategy_v3/ulgywi_fbr_sht'
2025-06-30 16:47:51,513 - INFO - Saving internal_id to video_id mapping
2025-06-30 16:47:51,579 - INFO - Getting frames...
2025-06-30 16:47:51,579 - INFO - Number of frames: 308
2025-06-30 16:47:51,590 - INFO - Extracting frames...
2025-06-30 16:47:51,590 - INFO - Number of extracted frames: 11
2025-06-30 16:47:51,590 - INFO - Saving extracted frames...
2025-06-30 16:47:51,712 - INFO - Extracted frames directory: '/home/vedant/Desktop/glimpsify/most_info_frame_extractor/video2pdf/archives/data_archive_50_python_objects_all_dirs_phash_approval_strategy_v3/ulgywi_fbr_sht_extracted_frames'
2025-06-30 16:47:51,712 - INFO - Post processing...
2025-06-30 16:47:51,712 - INFO - Post processing done successfully
2025-06-30 16:47:51,712 - INFO - Creating PDF...
2025-06-30 16:47:51,773 - INFO - PDF path: '/home/vedant/Desktop/glimpsify/most_info_frame_extractor/video2pdf/archives/data_archive_50_python_objects_all_dirs_phash_approval_strategy_v3/ulgywi_fbr_sht.pdf'
2025-06-30 16:47:51,773 - INFO - PDF for video '/home/vedant/Desktop/glimpsify/most_info_frame_extractor/video2pdf/data/ulgywi/Prosthodontics | Mechanical Properties | INBDE, ADAT.mp4': '/home/vedant/Desktop/glimpsify/most_info_frame_extractor/video2pdf/archives/data_archive_50_python_objects_all_dirs_phash_approval_strategy_v3/ulgywi_fbr_sht.pdf'
2025-06-30 16:47:51,773 - INFO - Saved PDF to '/home/vedant/Desktop/glimpsify/most_info_frame_extractor/video2pdf/archives/data_archive_50_python_objects_all_dirs_phash_approval_strategy_v3/ulgywi_fbr_sht.pdf' for video 'Prosthodontics | Mechanical Properties | INBDE, ADAT.mp4'
2025-06-30 16:47:55,058 - INFO - Internal ID: '/home/vedant/Desktop/glimpsify/most_info_frame_extractor/video2pdf/archives/data_archive_50_python_objects_all_dirs_phash_approval_strategy_v3/ulgywi_fbr_yej'
2025-06-30 16:47:55,058 - INFO - Video path: '/home/vedant/Desktop/glimpsify/most_info_frame_extractor/video2pdf/data/ulgywi/Prosthodontics | Mechanical Properties | INBDE, ADAT.mp4'
2025-06-30 16:47:55,058 - INFO - Internal ID for video /home/vedant/Desktop/glimpsify/most_info_frame_extractor/video2pdf/data/ulgywi/Prosthodontics | Mechanical Properties | INBDE, ADAT.mp4: '/home/vedant/Desktop/glimpsify/most_info_frame_extractor/video2pdf/archives/data_archive_50_python_objects_all_dirs_phash_approval_strategy_v3/ulgywi_fbr_yej'
2025-06-30 16:47:55,058 - INFO - Saving internal_id to video_id mapping
2025-06-30 16:47:55,123 - INFO - Getting frames...
2025-06-30 16:47:55,124 - INFO - Number of frames: 308
2025-06-30 16:47:55,134 - INFO - Extracting frames...
2025-06-30 16:47:55,134 - INFO - Number of extracted frames: 14
2025-06-30 16:47:55,134 - INFO - Saving extracted frames...
2025-06-30 16:47:55,284 - INFO - Extracted frames directory: '/home/vedant/Desktop/glimpsify/most_info_frame_extractor/video2pdf/archives/data_archive_50_python_objects_all_dirs_phash_approval_strategy_v3/ulgywi_fbr_yej_extracted_frames'
2025-06-30 16:47:55,284 - INFO - Post processing...
2025-06-30 16:47:55,284 - INFO - Post processing done successfully
2025-06-30 16:47:55,284 - INFO - Creating PDF...
2025-06-30 16:47:55,358 - INFO - PDF path: '/home/vedant/Desktop/glimpsify/most_info_frame_extractor/video2pdf/archives/data_archive_50_python_objects_all_dirs_phash_approval_strategy_v3/ulgywi_fbr_yej.pdf'
2025-06-30 16:47:55,358 - INFO - PDF for video '/home/vedant/Desktop/glimpsify/most_info_frame_extractor/video2pdf/data/ulgywi/Prosthodontics | Mechanical Properties | INBDE, ADAT.mp4': '/home/vedant/Desktop/glimpsify/most_info_frame_extractor/video2pdf/archives/data_archive_50_python_objects_all_dirs_phash_approval_strategy_v3/ulgywi_fbr_yej.pdf'
2025-06-30 16:47:55,358 - INFO - Saved PDF to '/home/vedant/Desktop/glimpsify/most_info_frame_extractor/video2pdf/archives/data_archive_50_python_objects_all_dirs_phash_approval_strategy_v3/ulgywi_fbr_yej.pdf' for video 'Prosthodontics | Mechanical Properties | INBDE, ADAT.mp4'
2025-06-30 16:54:47,199 - INFO - Internal ID: '/home/vedant/Desktop/glimpsify/most_info_frame_extractor/video2pdf/archives/data_archive_50_python_objects_all_dirs_phash_approval_strategy_v3/ulgywi_fbr_ywv'
2025-06-30 16:54:47,199 - INFO - Video path: '/home/vedant/Desktop/glimpsify/most_info_frame_extractor/video2pdf/data/ulgywi/Prosthodontics | Mechanical Properties | INBDE, ADAT.mp4'
2025-06-30 16:54:47,199 - INFO - Internal ID for video /home/vedant/Desktop/glimpsify/most_info_frame_extractor/video2pdf/data/ulgywi/Prosthodontics | Mechanical Properties | INBDE, ADAT.mp4: '/home/vedant/Desktop/glimpsify/most_info_frame_extractor/video2pdf/archives/data_archive_50_python_objects_all_dirs_phash_approval_strategy_v3/ulgywi_fbr_ywv'
2025-06-30 16:54:47,200 - INFO - Saving internal_id to video_id mapping
2025-06-30 16:54:47,270 - INFO - Getting frames...
2025-06-30 16:54:47,270 - INFO - Number of frames: 308
2025-06-30 16:54:47,281 - INFO - Extracting frames...
2025-06-30 16:54:47,281 - INFO - Number of extracted frames: 11
2025-06-30 16:54:47,281 - INFO - Saving extracted frames...
2025-06-30 16:54:47,405 - INFO - Extracted frames directory: '/home/vedant/Desktop/glimpsify/most_info_frame_extractor/video2pdf/archives/data_archive_50_python_objects_all_dirs_phash_approval_strategy_v3/ulgywi_fbr_ywv_extracted_frames'
2025-06-30 16:54:47,405 - INFO - Post processing...
2025-06-30 16:54:47,405 - INFO - Post processing done successfully
2025-06-30 16:54:47,405 - INFO - Creating PDF...
2025-06-30 16:54:47,465 - INFO - PDF path: '/home/vedant/Desktop/glimpsify/most_info_frame_extractor/video2pdf/archives/data_archive_50_python_objects_all_dirs_phash_approval_strategy_v3/ulgywi_fbr_ywv.pdf'
2025-06-30 16:54:47,465 - INFO - PDF for video '/home/vedant/Desktop/glimpsify/most_info_frame_extractor/video2pdf/data/ulgywi/Prosthodontics | Mechanical Properties | INBDE, ADAT.mp4': '/home/vedant/Desktop/glimpsify/most_info_frame_extractor/video2pdf/archives/data_archive_50_python_objects_all_dirs_phash_approval_strategy_v3/ulgywi_fbr_ywv.pdf'
2025-06-30 16:54:47,466 - INFO - Saved PDF to '/home/vedant/Desktop/glimpsify/most_info_frame_extractor/video2pdf/archives/data_archive_50_python_objects_all_dirs_phash_approval_strategy_v3/ulgywi_fbr_ywv.pdf' for video 'Prosthodontics | Mechanical Properties | INBDE, ADAT.mp4'
2025-06-30 16:54:51,009 - INFO - Internal ID: '/home/vedant/Desktop/glimpsify/most_info_frame_extractor/video2pdf/archives/data_archive_50_python_objects_all_dirs_phash_approval_strategy_v3/tabwoi_utc_qqi'
2025-06-30 16:54:51,009 - INFO - Video path: '/home/vedant/Desktop/glimpsify/most_info_frame_extractor/video2pdf/data/tabwoi/Histology- Taste Buds and Lingual Papillae.mp4'
2025-06-30 16:54:51,009 - INFO - Internal ID for video /home/vedant/Desktop/glimpsify/most_info_frame_extractor/video2pdf/data/tabwoi/Histology- Taste Buds and Lingual Papillae.mp4: '/home/vedant/Desktop/glimpsify/most_info_frame_extractor/video2pdf/archives/data_archive_50_python_objects_all_dirs_phash_approval_strategy_v3/tabwoi_utc_qqi'
2025-06-30 16:54:51,010 - INFO - Saving internal_id to video_id mapping
2025-06-30 16:54:51,084 - INFO - Getting frames...
2025-06-30 16:54:51,084 - INFO - Number of frames: 246
2025-06-30 16:54:51,095 - INFO - Extracting frames...
2025-06-30 16:54:51,095 - INFO - Number of extracted frames: 14
2025-06-30 16:54:51,095 - INFO - Saving extracted frames...
2025-06-30 16:54:51,284 - INFO - Extracted frames directory: '/home/vedant/Desktop/glimpsify/most_info_frame_extractor/video2pdf/archives/data_archive_50_python_objects_all_dirs_phash_approval_strategy_v3/tabwoi_utc_qqi_extracted_frames'
2025-06-30 16:54:51,285 - INFO - Post processing...
2025-06-30 16:54:51,285 - INFO - Post processing done successfully
2025-06-30 16:54:51,285 - INFO - Creating PDF...
2025-06-30 16:54:51,364 - INFO - PDF path: '/home/vedant/Desktop/glimpsify/most_info_frame_extractor/video2pdf/archives/data_archive_50_python_objects_all_dirs_phash_approval_strategy_v3/tabwoi_utc_qqi.pdf'
2025-06-30 16:54:51,364 - INFO - PDF for video '/home/vedant/Desktop/glimpsify/most_info_frame_extractor/video2pdf/data/tabwoi/Histology- Taste Buds and Lingual Papillae.mp4': '/home/vedant/Desktop/glimpsify/most_info_frame_extractor/video2pdf/archives/data_archive_50_python_objects_all_dirs_phash_approval_strategy_v3/tabwoi_utc_qqi.pdf'
2025-06-30 16:54:51,364 - INFO - Saved PDF to '/home/vedant/Desktop/glimpsify/most_info_frame_extractor/video2pdf/archives/data_archive_50_python_objects_all_dirs_phash_approval_strategy_v3/tabwoi_utc_qqi.pdf' for video 'Histology- Taste Buds and Lingual Papillae.mp4'
2025-06-30 16:58:19,395 - INFO - Internal ID: '/home/vedant/Desktop/glimpsify/most_info_frame_extractor/video2pdf/archives/data_archive_50_python_objects_all_dirs_phash_approval_strategy_v3/ulgywi_fbr_unv'
2025-06-30 16:58:19,396 - INFO - Video path: '/home/vedant/Desktop/glimpsify/most_info_frame_extractor/video2pdf/data/ulgywi/Prosthodontics | Mechanical Properties | INBDE, ADAT.mp4'
2025-06-30 16:58:19,396 - INFO - Internal ID for video /home/vedant/Desktop/glimpsify/most_info_frame_extractor/video2pdf/data/ulgywi/Prosthodontics | Mechanical Properties | INBDE, ADAT.mp4: '/home/vedant/Desktop/glimpsify/most_info_frame_extractor/video2pdf/archives/data_archive_50_python_objects_all_dirs_phash_approval_strategy_v3/ulgywi_fbr_unv'
2025-06-30 16:58:19,396 - INFO - Saving internal_id to video_id mapping
2025-06-30 16:58:19,470 - INFO - Getting frames...
2025-06-30 16:58:19,471 - INFO - Number of frames: 308
2025-06-30 16:58:19,481 - INFO - Extracting frames...
2025-06-30 16:58:19,481 - INFO - Number of extracted frames: 11
2025-06-30 16:58:19,481 - INFO - Saving extracted frames...
2025-06-30 16:58:19,621 - INFO - Extracted frames directory: '/home/vedant/Desktop/glimpsify/most_info_frame_extractor/video2pdf/archives/data_archive_50_python_objects_all_dirs_phash_approval_strategy_v3/ulgywi_fbr_unv_extracted_frames'
2025-06-30 16:58:19,622 - INFO - Post processing...
2025-06-30 16:58:19,622 - INFO - Post processing done successfully
2025-06-30 16:58:19,622 - INFO - Creating PDF...
2025-06-30 16:58:19,683 - INFO - PDF path: '/home/vedant/Desktop/glimpsify/most_info_frame_extractor/video2pdf/archives/data_archive_50_python_objects_all_dirs_phash_approval_strategy_v3/ulgywi_fbr_unv.pdf'
2025-06-30 16:58:19,683 - INFO - PDF for video '/home/vedant/Desktop/glimpsify/most_info_frame_extractor/video2pdf/data/ulgywi/Prosthodontics | Mechanical Properties | INBDE, ADAT.mp4': '/home/vedant/Desktop/glimpsify/most_info_frame_extractor/video2pdf/archives/data_archive_50_python_objects_all_dirs_phash_approval_strategy_v3/ulgywi_fbr_unv.pdf'
2025-06-30 16:58:19,683 - INFO - Saved PDF to '/home/vedant/Desktop/glimpsify/most_info_frame_extractor/video2pdf/archives/data_archive_50_python_objects_all_dirs_phash_approval_strategy_v3/ulgywi_fbr_unv.pdf' for video 'Prosthodontics | Mechanical Properties | INBDE, ADAT.mp4'
2025-06-30 16:58:23,085 - INFO - Internal ID: '/home/vedant/Desktop/glimpsify/most_info_frame_extractor/video2pdf/archives/data_archive_50_python_objects_all_dirs_phash_approval_strategy_v3/tabwoi_utc_xfo'
2025-06-30 16:58:23,085 - INFO - Video path: '/home/vedant/Desktop/glimpsify/most_info_frame_extractor/video2pdf/data/tabwoi/Histology- Taste Buds and Lingual Papillae.mp4'
2025-06-30 16:58:23,085 - INFO - Internal ID for video /home/vedant/Desktop/glimpsify/most_info_frame_extractor/video2pdf/data/tabwoi/Histology- Taste Buds and Lingual Papillae.mp4: '/home/vedant/Desktop/glimpsify/most_info_frame_extractor/video2pdf/archives/data_archive_50_python_objects_all_dirs_phash_approval_strategy_v3/tabwoi_utc_xfo'
2025-06-30 16:58:23,085 - INFO - Saving internal_id to video_id mapping
2025-06-30 16:58:23,159 - INFO - Getting frames...
2025-06-30 16:58:23,160 - INFO - Number of frames: 246
2025-06-30 16:58:23,172 - INFO - Extracting frames...
2025-06-30 16:58:23,172 - INFO - Number of extracted frames: 14
2025-06-30 16:58:23,172 - INFO - Saving extracted frames...
2025-06-30 16:58:23,364 - INFO - Extracted frames directory: '/home/vedant/Desktop/glimpsify/most_info_frame_extractor/video2pdf/archives/data_archive_50_python_objects_all_dirs_phash_approval_strategy_v3/tabwoi_utc_xfo_extracted_frames'
2025-06-30 16:58:23,364 - INFO - Post processing...
2025-06-30 16:58:23,364 - INFO - Post processing done successfully
2025-06-30 16:58:23,364 - INFO - Creating PDF...
2025-06-30 16:58:23,439 - INFO - PDF path: '/home/vedant/Desktop/glimpsify/most_info_frame_extractor/video2pdf/archives/data_archive_50_python_objects_all_dirs_phash_approval_strategy_v3/tabwoi_utc_xfo.pdf'
2025-06-30 16:58:23,439 - INFO - PDF for video '/home/vedant/Desktop/glimpsify/most_info_frame_extractor/video2pdf/data/tabwoi/Histology- Taste Buds and Lingual Papillae.mp4': '/home/vedant/Desktop/glimpsify/most_info_frame_extractor/video2pdf/archives/data_archive_50_python_objects_all_dirs_phash_approval_strategy_v3/tabwoi_utc_xfo.pdf'
2025-06-30 16:58:23,439 - INFO - Saved PDF to '/home/vedant/Desktop/glimpsify/most_info_frame_extractor/video2pdf/archives/data_archive_50_python_objects_all_dirs_phash_approval_strategy_v3/tabwoi_utc_xfo.pdf' for video 'Histology- Taste Buds and Lingual Papillae.mp4'
2025-06-30 17:54:18,596 - INFO - Internal ID: '/home/vedant/Desktop/glimpsify/most_info_frame_extractor/video2pdf/archives/data_archive_50_python_objects_all_dirs_phash_approval_strategy_v3/ulgywi_fbr_jpl'
2025-06-30 17:54:18,596 - INFO - Video path: '/home/vedant/Desktop/glimpsify/most_info_frame_extractor/video2pdf/data/ulgywi/Prosthodontics | Mechanical Properties | INBDE, ADAT.mp4'
2025-06-30 17:54:18,596 - INFO - Internal ID for video /home/vedant/Desktop/glimpsify/most_info_frame_extractor/video2pdf/data/ulgywi/Prosthodontics | Mechanical Properties | INBDE, ADAT.mp4: '/home/vedant/Desktop/glimpsify/most_info_frame_extractor/video2pdf/archives/data_archive_50_python_objects_all_dirs_phash_approval_strategy_v3/ulgywi_fbr_jpl'
2025-06-30 17:54:18,596 - INFO - Saving internal_id to video_id mapping
2025-06-30 17:54:18,671 - INFO - Getting frames...
2025-06-30 17:54:18,671 - INFO - Number of frames: 308
2025-06-30 17:54:18,683 - INFO - Extracting frames...
2025-06-30 17:54:18,684 - INFO - Number of extracted frames: 11
2025-06-30 17:54:18,684 - INFO - Saving extracted frames...
2025-06-30 17:54:18,817 - INFO - Extracted frames directory: '/home/vedant/Desktop/glimpsify/most_info_frame_extractor/video2pdf/archives/data_archive_50_python_objects_all_dirs_phash_approval_strategy_v3/ulgywi_fbr_jpl_extracted_frames'
2025-06-30 17:54:18,817 - INFO - Post processing...
2025-06-30 17:54:18,817 - INFO - Post processing done successfully
2025-06-30 17:54:18,817 - INFO - Creating PDF...
2025-06-30 17:54:18,878 - INFO - PDF path: '/home/vedant/Desktop/glimpsify/most_info_frame_extractor/video2pdf/archives/data_archive_50_python_objects_all_dirs_phash_approval_strategy_v3/ulgywi_fbr_jpl.pdf'
2025-06-30 17:54:18,878 - INFO - PDF for video '/home/vedant/Desktop/glimpsify/most_info_frame_extractor/video2pdf/data/ulgywi/Prosthodontics | Mechanical Properties | INBDE, ADAT.mp4': '/home/vedant/Desktop/glimpsify/most_info_frame_extractor/video2pdf/archives/data_archive_50_python_objects_all_dirs_phash_approval_strategy_v3/ulgywi_fbr_jpl.pdf'
2025-06-30 17:54:18,878 - INFO - Saved PDF to '/home/vedant/Desktop/glimpsify/most_info_frame_extractor/video2pdf/archives/data_archive_50_python_objects_all_dirs_phash_approval_strategy_v3/ulgywi_fbr_jpl.pdf' for video 'Prosthodontics | Mechanical Properties | INBDE, ADAT.mp4'
2025-06-30 17:54:22,496 - INFO - Internal ID: '/home/vedant/Desktop/glimpsify/most_info_frame_extractor/video2pdf/archives/data_archive_50_python_objects_all_dirs_phash_approval_strategy_v3/tabwoi_utc_kjz'
2025-06-30 17:54:22,496 - INFO - Video path: '/home/vedant/Desktop/glimpsify/most_info_frame_extractor/video2pdf/data/tabwoi/Histology- Taste Buds and Lingual Papillae.mp4'
2025-06-30 17:54:22,496 - INFO - Internal ID for video /home/vedant/Desktop/glimpsify/most_info_frame_extractor/video2pdf/data/tabwoi/Histology- Taste Buds and Lingual Papillae.mp4: '/home/vedant/Desktop/glimpsify/most_info_frame_extractor/video2pdf/archives/data_archive_50_python_objects_all_dirs_phash_approval_strategy_v3/tabwoi_utc_kjz'
2025-06-30 17:54:22,497 - INFO - Saving internal_id to video_id mapping
2025-06-30 17:54:22,571 - INFO - Getting frames...
2025-06-30 17:54:22,571 - INFO - Number of frames: 246
2025-06-30 17:54:22,582 - INFO - Extracting frames...
2025-06-30 17:54:22,582 - INFO - Number of extracted frames: 12
2025-06-30 17:54:22,582 - INFO - Saving extracted frames...
2025-06-30 17:54:22,732 - INFO - Extracted frames directory: '/home/vedant/Desktop/glimpsify/most_info_frame_extractor/video2pdf/archives/data_archive_50_python_objects_all_dirs_phash_approval_strategy_v3/tabwoi_utc_kjz_extracted_frames'
2025-06-30 17:54:22,733 - INFO - Post processing...
2025-06-30 17:54:22,733 - INFO - Post processing done successfully
2025-06-30 17:54:22,733 - INFO - Creating PDF...
2025-06-30 17:54:22,796 - INFO - PDF path: '/home/vedant/Desktop/glimpsify/most_info_frame_extractor/video2pdf/archives/data_archive_50_python_objects_all_dirs_phash_approval_strategy_v3/tabwoi_utc_kjz.pdf'
2025-06-30 17:54:22,796 - INFO - PDF for video '/home/vedant/Desktop/glimpsify/most_info_frame_extractor/video2pdf/data/tabwoi/Histology- Taste Buds and Lingual Papillae.mp4': '/home/vedant/Desktop/glimpsify/most_info_frame_extractor/video2pdf/archives/data_archive_50_python_objects_all_dirs_phash_approval_strategy_v3/tabwoi_utc_kjz.pdf'
2025-06-30 17:54:22,796 - INFO - Saved PDF to '/home/vedant/Desktop/glimpsify/most_info_frame_extractor/video2pdf/archives/data_archive_50_python_objects_all_dirs_phash_approval_strategy_v3/tabwoi_utc_kjz.pdf' for video 'Histology- Taste Buds and Lingual Papillae.mp4'
